"../../../Engine/Content/EngineMaterials/T_Default_Material_Grid_N.uasset" 0
"../../../Engine/Content/EngineMaterials/T_Default_Material_Grid_M.uasset" 1
"../../../Engine/Content/Functions/Engine_MaterialFunctions01/Opacity/CameraDepthFade.uasset" 2
"../../../Engine/Content/EngineMaterials/WorldGridMaterial.uasset" 3
"../../../Engine/Content/ArtTools/RenderToTexture/Meshes/S_1_Unit_Plane.uasset" 4
"../../../Engine/Content/EngineMaterials/DefaultMaterial.uasset" 5
"../../../Engine/Content/BasicShapes/Cone.uasset" 6
"../../../Engine/Content/BasicShapes/Sphere.uasset" 7
"../../../Engine/Content/EngineMaterials/DefaultPhysicalMaterial.uasset" 8
"../../../Engine/Content/BufferVisualization/AmbientOcclusion.uasset" 9
"../../../Engine/Content/Functions/Engine_MaterialFunctions02/Utility/AppendMany.uasset" 10
"../../../Engine/Content/BufferVisualization/Anisotropy.uasset" 11
"../../../Engine/Content/BufferVisualization/BaseColor.uasset" 12
"../../../Engine/Content/BufferVisualization/CustomDepth.uasset" 13
"../../../Engine/Content/Functions/Engine_MaterialFunctions02/Utility/VectorLength.uasset" 14
"../../../Engine/Content/BufferVisualization/CustomDepthWorldUnits.uasset" 15
"../../../Engine/Content/Functions/Engine_MaterialFunctions02/Utility/MakeFloat3.uasset" 16
"../../../Engine/Content/Functions/Engine_MaterialFunctions02/Utility/MakeFloat2.uasset" 17
"../../../Engine/Content/Functions/Engine_MaterialFunctions02/ScreenResolution.uasset" 18
"../../../Engine/Content/Functions/Engine_MaterialFunctions02/Utility/BreakOutFloat2Components.uasset" 19
"../../../Engine/Content/Functions/Engine_MaterialFunctions01/Texturing/ScaleUVsByCenter.uasset" 20
"../../../Engine/Content/Functions/Engine_MaterialFunctions02/Texturing/ScreenAlignedUVs.uasset" 21
"../../../Engine/Content/EngineMaterials/MiniFont.uasset" 22
"../../../Engine/Content/BufferVisualization/CustomStencil.uasset" 23
"../../../Engine/Content/BufferVisualization/FinalImage.uasset" 24
"../../../Engine/Content/BufferVisualization/LightingModel.uasset" 25
"../../../Engine/Content/BufferVisualization/MaterialAO.uasset" 26
"../../../Engine/Content/BufferVisualization/Metallic.uasset" 27
"../../../Engine/Content/BufferVisualization/Opacity.uasset" 28
"../../../Engine/Content/BufferVisualization/PostTonemapHDRColor.uasset" 29
"../../../Engine/Content/BufferVisualization/PreTonemapHDRColor.uasset" 30
"../../../Engine/Content/BufferVisualization/Roughness.uasset" 31
"../../../Engine/Content/BufferVisualization/SceneColor.uasset" 32
"../../../Engine/Content/BufferVisualization/SceneDepth.uasset" 33
"../../../Engine/Content/BufferVisualization/SceneDepthWorldUnits.uasset" 34
"../../../Engine/Content/BufferVisualization/SeparateTranslucencyA.uasset" 35
"../../../Engine/Content/BufferVisualization/SeparateTranslucencyRGB.uasset" 36
"../../../Engine/Content/BufferVisualization/Specular.uasset" 37
"../../../Engine/Content/BufferVisualization/SubsurfaceColor.uasset" 38
"../../../Engine/Content/BufferVisualization/Velocity.uasset" 39
"../../../Engine/Content/BufferVisualization/WorldNormal.uasset" 40
"../../../Engine/Content/BufferVisualization/WorldTangent.uasset" 41
"../../../Engine/Content/EditorLandscapeResources/DataLayer.uasset" 42
"../../../Engine/Content/EditorLandscapeResources/DefaultAlphaTexture.uasset" 43
"../../../Engine/Content/EditorLandscapeResources/LandscapeGizmoHeight_Mat.uasset" 44
"../../../Engine/Content/EditorLandscapeResources/LandscapeGizmo_Mat.uasset" 45
"../../../Engine/Content/EditorLandscapeResources/LandscapeGizmo_Mat_Copied.uasset" 46
"../../../Engine/Content/EditorLandscapeResources/SplineEditorMeshMat.uasset" 47
"../../../Engine/Content/EditorLandscapeResources/SplineEditorMesh.uasset" 48
"../../../Engine/Content/EditorMaterials/Cross.uasset" 49
"../../../Engine/Content/EditorMaterials/Cross_Mat.uasset" 50
"../../../Engine/Content/EditorResources/T_EditorHelp.uasset" 51
"../../../Engine/Content/Functions/Engine_MaterialFunctions02/Utility/Sign.uasset" 52
"../../../Engine/Content/Functions/Engine_MaterialFunctions02/Utility/Round.uasset" 53
"../../../Engine/Content/Functions/Engine_MaterialFunctions02/ExampleContent/Textures/DebugNumberPeriod.uasset" 54
"../../../Engine/Content/Functions/Engine_MaterialFunctions02/ExampleContent/DebugNumberStrip.uasset" 55
"../../../Engine/Content/EngineMaterials/DefaultDiffuse.uasset" 56
"../../../Engine/Content/Functions/Engine_MaterialFunctions01/Texturing/TextureCropping.uasset" 57
"../../../Engine/Content/Functions/Engine_MaterialFunctions01/Texturing/ComputeMipLevel.uasset" 58
"../../../Engine/Content/Functions/Engine_MaterialFunctions02/Utility/DebugScalarValues.uasset" 59
"../../../Engine/Content/Functions/Engine_MaterialFunctions02/Utility/DebugFloat2Values.uasset" 60
"../../../Engine/Content/Functions/Engine_MaterialFunctions02/ExampleContent/Textures/flipbook.uasset" 61
"../../../Engine/Content/Functions/Engine_MaterialFunctions02/Texturing/FlipBook.uasset" 62
"../../../Engine/Content/EditorMaterials/HelpActorMaterial.uasset" 63
"../../../Engine/Content/Functions/Engine_MaterialFunctions03/Procedurals/ComputeFilterWidth.uasset" 64
"../../../Engine/Content/EngineMaterials/BlendFunc_DefBlend.uasset" 65
"../../../Engine/Content/EngineMaterials/BlendFunc_DefBase.uasset" 66
"../../../Engine/Content/Functions/Engine_MaterialFunctions03/Blends/Blend_Screen.uasset" 67
"../../../Engine/Content/EditorMaterials/TilingAALineIntegral.uasset" 68
"../../../Engine/Content/EditorMaterials/TilingAALineBoxFiltered.uasset" 69
"../../../Engine/Content/EditorMaterials/TilingAAGrid.uasset" 70
"../../../Engine/Content/EditorMaterials/TilingAADots.uasset" 71
"../../../Engine/Content/EditorMaterials/CompositeARGBLayer.uasset" 72
"../../../Engine/Content/EditorMaterials/LevelGridMaterial.uasset" 73
"../../../Engine/Content/EditorResources/LevelGrid1DStripes.uasset" 74
"../../../Engine/Content/EditorMaterials/TextureGridCascaded1D.uasset" 75
"../../../Engine/Content/EditorMaterials/TextureGridCascaded2D.uasset" 76
"../../../Engine/Content/EditorMaterials/MakeCompositeARGBLayer.uasset" 77
"../../../Engine/Content/EditorMaterials/LevelGridMaterial2.uasset" 78
"../../../Engine/Content/EditorMaterials/MAT_Groups_Toggle.uasset" 79
"../../../Engine/Content/EditorMaterials/MAT_Groups_Visibility.uasset" 80
"../../../Engine/Content/EditorMaterials/PhAT_BoneSelectedMaterial.uasset" 81
"../../../Engine/Content/EditorMaterials/PhAT_ElemSelectedMaterial.uasset" 82
"../../../Engine/Content/EditorMaterials/PhAT_NoCollisionMaterial.uasset" 83
"../../../Engine/Content/EditorMaterials/PhAT_UnselectedMaterial.uasset" 84
"../../../Engine/Content/EditorMaterials/PreviewShadowIndicator.uasset" 85
"../../../Engine/Content/EditorMaterials/PreviewShadowIndicatorMaterial.uasset" 86
"../../../Engine/Content/EditorMaterials/TargetIcon.uasset" 87
"../../../Engine/Content/EditorMaterials/Tick.uasset" 88
"../../../Engine/Content/EditorMaterials/Tick_Mat.uasset" 89
"../../../Engine/Content/EditorMaterials/WidgetGridVertexColorMaterial.uasset" 90
"../../../Engine/Content/EditorMaterials/WidgetGridVertexColorMaterial_Ma.uasset" 91
"../../../Engine/Content/EditorMaterials/WidgetMaterial.uasset" 92
"../../../Engine/Content/EditorMaterials/WidgetMaterial_Current.uasset" 93
"../../../Engine/Content/EditorMaterials/WidgetMaterial_X.uasset" 94
"../../../Engine/Content/EditorMaterials/WidgetMaterial_Y.uasset" 95
"../../../Engine/Content/EditorMaterials/WidgetMaterial_Z.uasset" 96
"../../../Engine/Content/EditorMaterials/WidgetVertexColorMaterial.uasset" 97
"../../../Engine/Content/EditorMaterials/MatineeGroups/MAT_ColorTrack.uasset" 98
"../../../Engine/Content/EditorMaterials/MatineeGroups/MAT_Groups_Anim.uasset" 99
"../../../Engine/Content/EditorMaterials/MatineeGroups/MAT_Groups_AudioMaster.uasset" 100
"../../../Engine/Content/EditorMaterials/MatineeGroups/MAT_Groups_Director.uasset" 101
"../../../Engine/Content/EditorMaterials/MatineeGroups/MAT_Groups_Event.uasset" 102
"../../../Engine/Content/EditorMaterials/MatineeGroups/MAT_Groups_Fade.uasset" 103
"../../../Engine/Content/EditorMaterials/MatineeGroups/MAT_Groups_Float.uasset" 104
"../../../Engine/Content/EditorMaterials/MatineeGroups/MAT_Groups_Move.uasset" 105
"../../../Engine/Content/EditorMaterials/MatineeGroups/MAT_Groups_Slomo.uasset" 106
"../../../Engine/Content/EditorMaterials/MatineeGroups/MAT_Groups_Sound.uasset" 107
"../../../Engine/Content/EditorMaterials/MatineeGroups/MAT_Groups_Vector.uasset" 108
"../../../Engine/Content/EditorMaterials/ParticleSystems/PSysThumbnail_NoImage.uasset" 109
"../../../Engine/Content/EditorMaterials/ParticleSystems/PSysThumbnail_OOD.uasset" 110
"../../../Engine/Content/EngineMaterials/Grid.uasset" 111
"../../../Engine/Content/EditorMaterials/Thumbnails/FloorPlaneMaterial.uasset" 112
"../../../Engine/Content/EditorMeshes/EditorCube.uasset" 113
"../../../Engine/Content/EditorMeshes/EditorCylinder.uasset" 114
"../../../Engine/Content/EditorMeshes/EditorPlane.uasset" 115
"../../../Engine/Content/EditorMaterials/Thumbnails/SkySphereMaterial.uasset" 116
"../../../Engine/Content/EditorMeshes/EditorSkySphere.uasset" 117
"../../../Engine/Content/EditorMeshes/EditorSphere.uasset" 118
"../../../Engine/Content/EditorResources/MatineeCam_D.uasset" 119
"../../../Engine/Content/EditorMaterials/MatineeCam_mat.uasset" 120
"../../../Engine/Content/EditorMeshes/MatineeCam_SM.uasset" 121
"../../../Engine/Content/EditorMeshes/PlanarReflectionPlane.uasset" 122
"../../../Engine/Content/EngineDebugMaterials/M_SimpleOpaque.uasset" 123
"../../../Engine/Content/EditorMaterials/Camera/MI_CineMat_CamViewFinder.uasset" 124
"../../../Engine/Content/EditorMaterials/Camera/CineMat.uasset" 125
"../../../Engine/Content/EditorMaterials/Camera/MI_CineMat_CameraBody.uasset" 126
"../../../Engine/Content/EditorMeshes/Camera/SM_CineCam.uasset" 127
"../../../Engine/Content/EditorMaterials/Camera/MI_CineMat_Rig.uasset" 128
"../../../Engine/Content/EditorMeshes/Camera/SM_CraneRig_Arm.uasset" 129
"../../../Engine/Content/EditorMeshes/Camera/SM_CraneRig_Base.uasset" 130
"../../../Engine/Content/EditorMeshes/Camera/SM_CraneRig_Body.uasset" 131
"../../../Engine/Content/EditorMeshes/Camera/SM_CraneRig_Mount.uasset" 132
"../../../Engine/Content/EditorMeshes/Camera/SM_RailRig_Mount.uasset" 133
"../../../Engine/Content/EditorMeshes/Camera/SM_RailRig_Track.uasset" 134
"../../../Engine/Content/EditorMeshes/ColorCalibrator/M_ChromeBall.uasset" 135
"../../../Engine/Content/EditorResources/Bad.uasset" 136
"../../../Engine/Content/EditorResources/BSPVertex.uasset" 137
"../../../Engine/Content/EditorResources/EmptyActor.uasset" 138
"../../../Engine/Content/EditorResources/MatInstActSprite.uasset" 139
"../../../Engine/Content/EditorResources/SceneManager.uasset" 140
"../../../Engine/Content/EditorResources/SmallFont.uasset" 141
"../../../Engine/Content/EditorResources/S_Actor.uasset" 142
"../../../Engine/Content/EditorResources/S_CameraShakeSource.uasset" 143
"../../../Engine/Content/EditorResources/S_DecalActorIcon.uasset" 144
"../../../Engine/Content/EditorResources/S_Emitter.uasset" 145
"../../../Engine/Content/EditorResources/S_ExpoHeightFog.uasset" 146
"../../../Engine/Content/EditorResources/S_FTest.uasset" 147
"../../../Engine/Content/EditorResources/S_KBSJoint.uasset" 148
"../../../Engine/Content/EditorResources/S_KHinge.uasset" 149
"../../../Engine/Content/EditorResources/S_KPrismatic.uasset" 150
"../../../Engine/Content/EditorResources/S_LevelSequence.uasset" 151
"../../../Engine/Content/EditorResources/S_NavP.uasset" 152
"../../../Engine/Content/EditorResources/S_Note.uasset" 153
"../../../Engine/Content/EditorResources/S_Player.uasset" 154
"../../../Engine/Content/EditorResources/S_PortalActorIcon2.uasset" 155
"../../../Engine/Content/EditorResources/S_RadForce.uasset" 156
"../../../Engine/Content/EditorResources/S_ReflActorIcon.uasset" 157
"../../../Engine/Content/EditorResources/S_SkyAtmosphere.uasset" 158
"../../../Engine/Content/EditorResources/S_Solver.uasset" 159
"../../../Engine/Content/EditorResources/S_Terrain.uasset" 160
"../../../Engine/Content/EditorResources/S_TextRenderActorIcon.uasset" 161
"../../../Engine/Content/EditorResources/S_Thruster.uasset" 162
"../../../Engine/Content/EditorResources/S_Trigger.uasset" 163
"../../../Engine/Content/EditorResources/S_VectorFieldVol.uasset" 164
"../../../Engine/Content/EditorResources/S_VolumetricCloud.uasset" 165
"../../../Engine/Content/EditorResources/S_WindDirectional.uasset" 166
"../../../Engine/Content/EditorResources/AI/S_NavLink.uasset" 167
"../../../Engine/Content/EditorResources/AudioIcons/S_AudioComponent_AutoActivate.uasset" 168
"../../../Engine/Content/EditorResources/LightIcons/SkyLight.uasset" 169
"../../../Engine/Content/EditorResources/LightIcons/S_LightDirectional.uasset" 170
"../../../Engine/Content/EditorResources/LightIcons/S_LightDirectionalMove.uasset" 171
"../../../Engine/Content/EditorResources/LightIcons/S_LightError.uasset" 172
"../../../Engine/Content/EditorResources/LightIcons/S_LightPoint.uasset" 173
"../../../Engine/Content/EditorResources/LightIcons/S_LightPointMove.uasset" 174
"../../../Engine/Content/EditorResources/LightIcons/S_LightSpot.uasset" 175
"../../../Engine/Content/EditorResources/LightIcons/S_LightSpotMove.uasset" 176
"../../../Engine/Content/EditorResources/SequenceRecorder/Countdown.uasset" 177
"../../../Engine/Content/EditorResources/SequenceRecorder/RecordingIndicator.uasset" 178
"../../../Engine/Content/EditorResources/Spline/T_Loft_Spline.uasset" 179
"../../../Engine/Content/EditorSounds/Notifications/CompileFailed.uasset" 180
"../../../Engine/Content/EditorSounds/Notifications/CompileFailed_Cue.uasset" 181
"../../../Engine/Content/EditorSounds/Notifications/CompileSuccess.uasset" 182
"../../../Engine/Content/EditorSounds/Notifications/CompileStart_Cue.uasset" 183
"../../../Engine/Content/EditorSounds/Notifications/CompileSuccess_Cue.uasset" 184
"../../../Engine/Content/EngineDamageTypes/DmgTypeBP_Environmental.uasset" 185
"../../../Engine/Content/EngineDebugMaterials/HeatmapGradient.uasset" 186
"../../../Engine/Content/EngineDebugMaterials/BoneWeightMaterial.uasset" 187
"../../../Engine/Content/EngineDebugMaterials/ClothMaterial.uasset" 188
"../../../Engine/Content/EngineDebugMaterials/ClothMaterial_WF.uasset" 189
"../../../Engine/Content/EngineDebugMaterials/DebugEditorMaterial.uasset" 190
"../../../Engine/Content/EngineDebugMaterials/DebugMeshMaterial.uasset" 191
"../../../Engine/Content/EngineDebugMaterials/GeomMaterial.uasset" 192
"../../../Engine/Content/Functions/Engine_MaterialFunctions01/Shading/ConvertFromDiffSpec.uasset" 193
"../../../Engine/Content/EngineDebugMaterials/LevelColorationLitMaterial.uasset" 194
"../../../Engine/Content/EngineDebugMaterials/LevelColorationUnlitMaterial.uasset" 195
"../../../Engine/Content/EngineMaterials/DefaultWhiteGrid.uasset" 196
"../../../Engine/Content/EngineDebugMaterials/MAT_LevelColorationLitLightmapUV.uasset" 197
"../../../Engine/Content/EngineDebugMaterials/M_SimpleUnlitTranslucent.uasset" 198
"../../../Engine/Content/EngineDebugMaterials/VolumeToRender.uasset" 199
"../../../Engine/Content/Functions/Engine_MaterialFunctions02/Utility/CameraDirectionVector.uasset" 200
"../../../Engine/Content/EngineDebugMaterials/M_VolumeRenderSphereTracePP.uasset" 201
"../../../Engine/Content/EngineMaterials/DefaultWhiteGrid_Low.uasset" 202
"../../../Engine/Content/EngineDebugMaterials/PhysicalMaterialMaskMaterial.uasset" 203
"../../../Engine/Content/EngineDebugMaterials/ShadedLevelColorationLitMaterial.uasset" 204
"../../../Engine/Content/EngineDebugMaterials/ShadedLevelColorationUnlitMateri.uasset" 205
"../../../Engine/Content/EngineDebugMaterials/VertexColorMaterial.uasset" 206
"../../../Engine/Content/EngineDebugMaterials/VertexColorViewMode_AlphaAsColor.uasset" 207
"../../../Engine/Content/EngineDebugMaterials/VertexColorViewMode_BlueOnly.uasset" 208
"../../../Engine/Content/EngineDebugMaterials/VertexColorViewMode_ColorOnly.uasset" 209
"../../../Engine/Content/EngineDebugMaterials/VertexColorViewMode_GreenOnly.uasset" 210
"../../../Engine/Content/EngineDebugMaterials/VertexColorViewMode_RedOnly.uasset" 211
"../../../Engine/Content/EngineDebugMaterials/WireframeMaterial.uasset" 212
"../../../Engine/Content/EngineFonts/Faces/RobotoRegular.uasset" 213
"../../../Engine/Content/EngineFonts/Faces/RobotoLight.uasset" 214
"../../../Engine/Content/EngineFonts/Faces/RobotoItalic.uasset" 215
"../../../Engine/Content/EngineFonts/Faces/RobotoBoldItalic.uasset" 216
"../../../Engine/Content/EngineFonts/Faces/RobotoBold.uasset" 217
"../../../Engine/Content/EngineFonts/Faces/DroidSansFallback.uasset" 218
"../../../Engine/Content/EngineFonts/Roboto.uasset" 219
"../../../Engine/Content/EngineFonts/Faces/RobotoTiny.uasset" 220
"../../../Engine/Content/EngineFonts/RobotoTiny.uasset" 221
"../../../Engine/Content/EngineFonts/SmallFont.uasset" 222
"../../../Engine/Content/EngineFonts/TinyFont.uasset" 223
"../../../Engine/Content/EngineMaterials/BaseFlattenNormalMap.uasset" 224
"../../../Engine/Content/EngineMaterials/BaseFlattenGrayscaleMap.uasset" 225
"../../../Engine/Content/EngineMaterials/BaseFlattenEmissiveMap.uasset" 226
"../../../Engine/Content/EngineMaterials/BaseFlattenDiffuseMap.uasset" 227
"../../../Engine/Content/EngineMaterials/BaseFlattenMaterial.uasset" 228
"../../../Engine/Content/EngineResources/WhiteSquareTexture.uasset" 229
"../../../Engine/Content/EngineMaterials/BlinkingCaret.uasset" 230
"../../../Engine/Content/EngineMaterials/BlueNoise.uasset" 231
"../../../Engine/Content/EngineMaterials/DefaultBloomKernel.uasset" 232
"../../../Engine/Content/EngineMaterials/DefaultBokeh.uasset" 233
"../../../Engine/Content/EngineMaterials/DefaultDeferredDecalMaterial.uasset" 234
"../../../Engine/Content/EngineMaterials/DefaultLightFunctionMaterial.uasset" 235
"../../../Engine/Content/EngineMaterials/DefaultPostProcessMaterial.uasset" 236
"../../../Engine/Content/EngineFonts/RobotoDistanceField.uasset" 237
"../../../Engine/Content/EngineMaterials/DefaultTextMaterialOpaque.uasset" 238
"../../../Engine/Content/EngineMaterials/EditorBrushMaterial.uasset" 239
"../../../Engine/Content/EngineMaterials/EmissiveMeshMaterial.uasset" 240
"../../../Engine/Content/EngineMaterials/GizmoMaterial.uasset" 241
"../../../Engine/Content/EngineMaterials/Grid_N.uasset" 242
"../../../Engine/Content/EngineMaterials/HighResolutionScreenshotMaskFunction.uasset" 243
"../../../Engine/Content/EngineMaterials/HighResScreenshot.uasset" 244
"../../../Engine/Content/EngineMaterials/HighResScreenshotCaptureRegion.uasset" 245
"../../../Engine/Content/EngineMaterials/HighResScreenshotMask.uasset" 246
"../../../Engine/Content/EngineMaterials/LandscapeHolePhysicalMaterial.uasset" 247
"../../../Engine/Content/EngineMaterials/InvalidLightmapSettings.uasset" 248
"../../../Engine/Content/EngineMaterials/M_InvalidLightmapSettings.uasset" 249
"../../../Engine/Content/EngineMaterials/PaperDiffuse.uasset" 250
"../../../Engine/Content/EngineMaterials/PaperNormal.uasset" 251
"../../../Engine/Content/Functions/Engine_MaterialFunctions02/WorldPositionOffset/CameraOffset.uasset" 252
"../../../Engine/Content/EngineMaterials/PhAT_JointLimitMaterial.uasset" 253
"../../../Engine/Content/EngineMaterials/PhysMat_Rubber.uasset" 254
"../../../Engine/Content/EngineMaterials/PreintegratedSkinBRDF.uasset" 255
"../../../Engine/Content/EngineMaterials/RemoveSurfaceMaterial.uasset" 256
"../../../Engine/Content/EngineMaterials/WeightMapPlaceholderTexture.uasset" 257
"../../../Engine/Content/Functions/Engine_MaterialFunctions01/ImageAdjustment/sRGBToLinear.uasset" 258
"../../../Engine/Content/Functions/Engine_MaterialFunctions02/Utility/BreakOutFloat3Components.uasset" 259
"../../../Engine/Content/EngineMaterials/Widget3DCameraPassThrough_Opaque_OneSided.uasset" 260
"../../../Engine/Content/EngineMaterials/Widget3DPassThrough.uasset" 261
"../../../Engine/Content/EngineMaterials/Widget3DPassThrough_Masked.uasset" 262
"../../../Engine/Content/EngineMaterials/Widget3DPassThrough_Opaque.uasset" 263
"../../../Engine/Content/EngineMaterials/Widget3DPassThrough_Masked_OneSided.uasset" 264
"../../../Engine/Content/EngineMaterials/Widget3DPassThrough_Opaque_OneSided.uasset" 265
"../../../Engine/Content/EngineMaterials/Widget3DPassThrough_Translucent.uasset" 266
"../../../Engine/Content/EngineMaterials/Widget3DPassThrough_Translucent_OneSided.uasset" 267
"../../../Engine/Content/EngineMeshes/Cylinder.uasset" 268
"../../../Engine/Content/EngineMeshes/Sphere.uasset" 269
"../../../Engine/Content/EngineResources/DefaultTextureCube.uasset" 270
"../../../Engine/Content/EngineResources/DefaultVolumeTexture2D.uasset" 271
"../../../Engine/Content/EngineResources/DefaultVolumeTexture.uasset" 272
"../../../Engine/Content/EngineResources/GradientTexture0.uasset" 273
"../../../Engine/Content/EngineResources/StreamingPauseIcon.uasset" 274
"../../../Engine/Content/EngineResources/M_StreamingPause.uasset" 275
"../../../Engine/Content/EngineSky/VolumetricClouds/T_NoiseShape64.uasset" 276
"../../../Engine/Content/EngineSky/VolumetricClouds/T_VolumeNoiseShape64.uasset" 277
"../../../Engine/Content/EngineSky/VolumetricClouds/T_NoiseErosion.uasset" 278
"../../../Engine/Content/EngineSky/VolumetricClouds/T_VolumeNoiseErosion32.uasset" 279
"../../../Engine/Content/EngineSky/VolumetricClouds/CloudWeatherTexture.uasset" 280
"../../../Engine/Content/EngineSky/VolumetricClouds/CloudGradientTexture.uasset" 281
"../../../Engine/Content/EngineSky/VolumetricClouds/m_SimpleVolumetricCloud.uasset" 282
"../../../Engine/Content/EngineSky/VolumetricClouds/m_SimpleVolumetricCloud_Inst.uasset" 283
"../../../Engine/Content/EngineSounds/Master.uasset" 284
"../../../Engine/Content/Functions/Engine_MaterialFunctions01/Shading/PowerToRoughness.uasset" 285
"../../../Engine/Content/Maps/Templates/Thumbnails/Default.uasset" 286
"../../../Engine/Content/Maps/Templates/Thumbnails/TimeOfDay.uasset" 287
"../../../Engine/Content/Maps/Templates/Thumbnails/VR-Basic.uasset" 288
"../../../Engine/Content/MapTemplates/Sky/DaylightAmbientCubemap.uasset" 289
"../../../Engine/Content/MobileResources/T_MobileControls_texture.uasset" 290
"../../../Engine/Content/MobileResources/T_MobileMenu2.uasset" 291
"../../../Engine/Content/MobileResources/HUD/AnalogHat.uasset" 292
"../../../Engine/Content/MobileResources/HUD/VirtualJoystick_Thumb.uasset" 293
"../../../Engine/Content/MobileResources/HUD/VirtualJoystick_Background.uasset" 294
"../../../Engine/Content/MobileResources/HUD/DefaultVirtualJoysticks.uasset" 295
"../../../Engine/Content/MobileResources/HUD/LeftVirtualJoystickOnly.uasset" 296
"../../../Engine/Content/MobileResources/HUD/MobileHUDButton1_off.uasset" 297
"../../../Engine/Content/MobileResources/HUD/MobileHUDButton1_on.uasset" 298
"../../../Engine/Content/MobileResources/HUD/MobileHUDButton2_off.uasset" 299
"../../../Engine/Content/MobileResources/HUD/MobileHUDButton2_on.uasset" 300
"../../../Engine/Content/MobileResources/HUD/MobileHUDButton3.uasset" 301
"../../../Engine/Content/MobileResources/HUD/MobileHUDButtonFire.uasset" 302
"../../../Engine/Content/MobileResources/HUD/MobileHUDDirectionPad.uasset" 303
"../../../Engine/Content/MobileResources/HUD/MobileHUDDirectionPad2.uasset" 304
"../../../Engine/Content/MobileResources/HUD/MobileHUDDirectionPad3.uasset" 305
"../../../Engine/Content/MobileResources/HUD/MobileHUDDirectionStick.uasset" 306
"../../../Engine/Content/MobileResources/HUD/T_Castle_ThumbstickInner.uasset" 307
"../../../Engine/Content/MobileResources/HUD/T_Castle_ThumbstickOutter.uasset" 308
"../../../Engine/Content/Tutorial/ContentIntroCurve.uasset" 309
"../../../Engine/Content/Tutorial/Basics/LevelEditorAttract.uasset" 310
"../../../Engine/Content/Tutorial/Basics/TutorialAssets/icon_tab_Levels_40x.uasset" 311
"../../../Engine/Content/Tutorial/Basics/LevelEditorOverview.uasset" 312
"../../../Engine/Content/VREditor/TransformGizmo/TranslucentTransformGizmoMaterial.uasset" 313
"../../../Engine/Content/VREditor/LaserPointer/VR_LaserPower_01.uasset" 314
"../../../Engine/Content/VREditor/TransformGizmo/TransformGizmoMaterial.uasset" 315
"../../../Engine/Content/VREditor/TransformGizmo/BoundingBoxCorner.uasset" 316
"../../../Engine/Content/VREditor/TransformGizmo/BoundingBoxEdge.uasset" 317
"../../../Engine/Content/VREditor/TransformGizmo/PlaneTranslationHandle.uasset" 318
"../../../Engine/Content/VREditor/TransformGizmo/Xray.uasset" 319
"../../../Engine/Content/VREditor/TransformGizmo/Main.uasset" 320
"../../../Engine/Content/VREditor/TransformGizmo/SM_Sequencer_Key.uasset" 321
"../../../Engine/Content/VREditor/TransformGizmo/SM_Sequencer_Node.uasset" 322
"S:/2021/Programacion en Motores 1 Unreal/FPS/Content/ParagonGadget/Characters/Heroes/Gadget/Meshes/Gadget_Extents.uasset" 323
"S:/2021/Programacion en Motores 1 Unreal/FPS/Content/ParagonGadget/Characters/Heroes/Gadget/Meshes/Gadget_CylShadows.uasset" 324
"S:/2021/Programacion en Motores 1 Unreal/FPS/Content/ParagonGadget/Characters/Global/Hair/SharedHairContent/FemaleHairSet01/T_GadgetHair_Color.uasset" 325
"S:/2021/Programacion en Motores 1 Unreal/FPS/Content/ParagonGadget/Characters/Global/Hair/SharedHairContent/FemaleHairSet01/T_FemaleHairSet01_Roots.uasset" 326
"S:/2021/Programacion en Motores 1 Unreal/FPS/Content/ParagonGadget/Characters/Global/Hair/SharedHairContent/FemaleHairSet01/T_FemaleHairSet01_Opacity.uasset" 327
"S:/2021/Programacion en Motores 1 Unreal/FPS/Content/ParagonGadget/Characters/Global/Hair/SharedHairContent/FemaleHairSet01/T_FemaleHairSet01_ID.uasset" 328
"S:/2021/Programacion en Motores 1 Unreal/FPS/Content/ParagonGadget/Characters/Global/Hair/SharedHairContent/FemaleHairSet01/T_FemaleHairSet01_Depth.uasset" 329
"S:/2021/Programacion en Motores 1 Unreal/FPS/Content/ParagonGadget/Characters/Global/Hair/TestContent/T_HairClump02_Roots.uasset" 330
"S:/2021/Programacion en Motores 1 Unreal/FPS/Content/ParagonGadget/Characters/Global/Hair/TestContent/T_HairClump02_ID.uasset" 331
"S:/2021/Programacion en Motores 1 Unreal/FPS/Content/ParagonGadget/Characters/Global/Hair/TestContent/T_HairClump02_DyeMask.uasset" 332
"S:/2021/Programacion en Motores 1 Unreal/FPS/Content/ParagonGadget/Characters/Global/Hair/TestContent/T_HairClump02_Depth.uasset" 333
"S:/2021/Programacion en Motores 1 Unreal/FPS/Content/ParagonGadget/Characters/Global/Hair/TestContent/T_HairClump02_Alpha.uasset" 334
"S:/2021/Programacion en Motores 1 Unreal/FPS/Content/ParagonGadget/Characters/Global/MaterialFunctions/ParagonCharacterHairWind.uasset" 335
"S:/2021/Programacion en Motores 1 Unreal/FPS/Content/ParagonGadget/Characters/Global/Hair/Materials/MF_BlendHairColorsWithParam.uasset" 336
"S:/2021/Programacion en Motores 1 Unreal/FPS/Content/ParagonGadget/Characters/Global/Hair/T_Fire_Tiled_D.uasset" 337
"S:/2021/Programacion en Motores 1 Unreal/FPS/Content/ParagonGadget/Characters/Global/FX/Textures/Water/T_Caustics_2.uasset" 338
"S:/2021/Programacion en Motores 1 Unreal/FPS/Content/ParagonGadget/Characters/Global/FX/Textures/Gradients/Masks/T_gradient_stasis.uasset" 339
"S:/2021/Programacion en Motores 1 Unreal/FPS/Content/ParagonGadget/Characters/Global/MaterialLayers/T_TestML_Mask.uasset" 340
"S:/2021/Programacion en Motores 1 Unreal/FPS/Content/ParagonGadget/Characters/Global/MaterialLayers/Rubber/T_Blank_N.uasset" 341
"S:/2021/Programacion en Motores 1 Unreal/FPS/Content/ParagonGadget/Characters/Global/MaterialLayers/Metal/T_Blue_Metal02.uasset" 342
"S:/2021/Programacion en Motores 1 Unreal/FPS/Content/ParagonGadget/Characters/Global/MaterialFunctions/Textures/T_AtmosphericCloudNoise03.uasset" 343
"S:/2021/Programacion en Motores 1 Unreal/FPS/Content/ParagonGadget/Characters/Global/MaterialFunctions/Textures/T_AtmosphericCloudNoise01_N.uasset" 344
"S:/2021/Programacion en Motores 1 Unreal/FPS/Content/ParagonGadget/Characters/Global/MaterialFunctions/Textures/T_AtmosphericCloudNoise01.uasset" 345
"S:/2021/Programacion en Motores 1 Unreal/FPS/Content/ParagonGadget/Characters/Global/ParameterCollections/OrionGlobalGameplayCollection.uasset" 346
"../../../Engine/Content/Functions/Engine_MaterialFunctions03/Blends/Lerp_ScratchGrime.uasset" 347
"../../../Engine/Content/EngineMaterials/DefaultNormal.uasset" 348
"S:/2021/Programacion en Motores 1 Unreal/FPS/Content/ParagonGadget/Characters/Global/MaterialLayers/ML_Blank.uasset" 349
"S:/2021/Programacion en Motores 1 Unreal/FPS/Content/ParagonGadget/Characters/Global/MaterialFunctions/MaterialLayerConstructors/MLC_Standard.uasset" 350
"S:/2021/Programacion en Motores 1 Unreal/FPS/Content/ParagonGadget/Characters/Global/MaterialFunctions/MaterialLayerConstructors/MLC_ScratchAndGrime.uasset" 351
"../../../Engine/Content/Functions/MaterialLayerFunctions/MatLayerBlend_Standard.uasset" 352
"../../../Engine/Content/Functions/MaterialLayerFunctions/MatLayerBlend_BreakBaseColor.uasset" 353
"../../../Engine/Content/Functions/MaterialLayerFunctions/MatLayerBlend_OverrideBaseColor.uasset" 354
"../../../Engine/Content/Functions/Engine_MaterialFunctions01/Shading/MetallicShading.uasset" 355
"S:/2021/Programacion en Motores 1 Unreal/FPS/Content/ParagonGadget/Characters/Global/MaterialLayers/Metal/ML_blue_Metal.uasset" 356
"../../../Engine/Content/Functions/MaterialLayerFunctions/MatLayerBlend_Emissive.uasset" 357
"S:/2021/Programacion en Motores 1 Unreal/FPS/Content/ParagonGadget/Characters/Global/MaterialFunctions/MF_OrionRimlight.uasset" 358
"../../../Engine/Content/Functions/MaterialLayerFunctions/MatLayerBlend_Tint.uasset" 359
"S:/2021/Programacion en Motores 1 Unreal/FPS/Content/ParagonGadget/Characters/Global/MaterialFunctions/MF_HitFlash.uasset" 360
"../../../Engine/Content/Functions/Engine_MaterialFunctions01/Gradient/LinearGradient.uasset" 361
"../../../Engine/Content/Functions/Engine_MaterialFunctions01/ImageAdjustment/CheapContrast.uasset" 362
"../../../Engine/Content/Functions/Engine_MaterialFunctions01/Texturing/WorldAlignedTexture.uasset" 363
"../../../Engine/Content/EngineMaterials/Good64x64TilingNoiseHighFreq.uasset" 364
"../../../Engine/Content/Functions/Engine_MaterialFunctions02/Texturing/ScreenAlignedPixelToPixelUVs.uasset" 365
"../../../Engine/Content/Functions/Engine_MaterialFunctions02/Utility/DitherTemporalAA.uasset" 366
"S:/2021/Programacion en Motores 1 Unreal/FPS/Content/ParagonGadget/Characters/Global/MaterialFunctions/MF_DeathFade.uasset" 367
"S:/2021/Programacion en Motores 1 Unreal/FPS/Content/ParagonGadget/Characters/Global/Eyes/MaterialFunctions/MF_BrightnessAdjust.uasset" 368
"S:/2021/Programacion en Motores 1 Unreal/FPS/Content/ParagonGadget/Characters/Global/MaterialFunctions/MF_CharacterEffects.uasset" 369
"S:/2021/Programacion en Motores 1 Unreal/FPS/Content/ParagonGadget/Characters/Global/Black_Linear.uasset" 370
"../../../Engine/Content/Functions/Engine_MaterialFunctions02/Math/MultiplyAdd.uasset" 371
"../../../Engine/Content/Functions/Engine_MaterialFunctions02/HueShift.uasset" 372
"../../../Engine/Content/EngineResources/Black.uasset" 373
"../../../Engine/Content/EditorMaterials/Cascade/CASC_Solo_On.uasset" 374
"S:/2021/Programacion en Motores 1 Unreal/FPS/Content/ParagonGadget/Characters/Global/Hair/Materials/M_HairSheet_Master2.uasset" 375
"S:/2021/Programacion en Motores 1 Unreal/FPS/Content/ParagonGadget/Characters/Heroes/Gadget/Materials/MIC_Gadget_Hair.uasset" 376
"S:/2021/Programacion en Motores 1 Unreal/FPS/Content/ParagonGadget/Characters/Global/Eyes/Textures/T_EyeIrisBaseColor_Example_5.uasset" 377
"S:/2021/Programacion en Motores 1 Unreal/FPS/Content/ParagonGadget/Characters/Global/FX/Textures/Flares/T_Gadget_Corona_D.uasset" 378
"S:/2021/Programacion en Motores 1 Unreal/FPS/Content/ParagonGadget/Characters/Global/Eyes/Textures/T_Swirly_Noise.uasset" 379
"S:/2021/Programacion en Motores 1 Unreal/FPS/Content/ParagonGadget/Characters/Global/Eyes/Textures/T_Sphere_EYE_NORMALS.uasset" 380
"S:/2021/Programacion en Motores 1 Unreal/FPS/Content/ParagonGadget/Characters/Global/Eyes/Textures/T_EyeScleraBaseColor_Example_2.uasset" 381
"S:/2021/Programacion en Motores 1 Unreal/FPS/Content/ParagonGadget/Characters/Global/Eyes/Textures/T_EyeMidPlaneDisplacement_Example.uasset" 382
"S:/2021/Programacion en Motores 1 Unreal/FPS/Content/ParagonGadget/Characters/Global/Eyes/Textures/T_EyeIrisBaseColor_Example_2.uasset" 383
"S:/2021/Programacion en Motores 1 Unreal/FPS/Content/ParagonGadget/Characters/Global/Eyes/Textures/T_Eye_Wet_Normal.uasset" 384
"S:/2021/Programacion en Motores 1 Unreal/FPS/Content/ParagonGadget/Characters/Global/Eyes/Textures/T_EYE_NORMALS.uasset" 385
"S:/2021/Programacion en Motores 1 Unreal/FPS/Content/ParagonGadget/Characters/Global/Eyes/Textures/T_DecalMask_Radial03.uasset" 386
"S:/2021/Programacion en Motores 1 Unreal/FPS/Content/ParagonGadget/Characters/Global/Eyes/Textures/EpicQuadPanorama_CC.uasset" 387
"S:/2021/Programacion en Motores 1 Unreal/FPS/Content/ParagonGadget/Characters/Global/Eyes/Textures/EyeInner_Profile.uasset" 388
"S:/2021/Programacion en Motores 1 Unreal/FPS/Content/ParagonGadget/Characters/Global/MaterialLayers/ML_TacticiaULTEye.uasset" 389
"../../../Engine/Content/Functions/Engine_MaterialFunctions02/TangentBasis.uasset" 390
"S:/2021/Programacion en Motores 1 Unreal/FPS/Content/ParagonGadget/Characters/Global/MaterialFunctions/ML_EyeRefraction.uasset" 391
"../../../Engine/Content/Functions/Engine_MaterialFunctions01/Texturing/FlattenNormal.uasset" 392
"../../../Engine/Content/Functions/Engine_MaterialFunctions01/ImageAdjustment/DeriveHDRfromLDR.uasset" 393
"S:/2021/Programacion en Motores 1 Unreal/FPS/Content/ParagonGadget/Characters/Global/Eyes/Materials/M_EyeRefractive.uasset" 394
"S:/2021/Programacion en Motores 1 Unreal/FPS/Content/ParagonGadget/Characters/Heroes/Gadget/Materials/MIC_Gadget_Eye_Refractive.uasset" 395
"S:/2021/Programacion en Motores 1 Unreal/FPS/Content/ParagonGadget/Characters/Global/Eyelash/T_Universal_Eyelashes_D.uasset" 396
"S:/2021/Programacion en Motores 1 Unreal/FPS/Content/ParagonGadget/Characters/Global/Eyelash/M_EyelashMaster.uasset" 397
"S:/2021/Programacion en Motores 1 Unreal/FPS/Content/ParagonGadget/Characters/Heroes/Gadget/Materials/M_GadgetEyelashMaster_Inst.uasset" 398
"S:/2021/Programacion en Motores 1 Unreal/FPS/Content/ParagonGadget/Characters/Heroes/Gadget/Textures/T_Gadget_UpperBody_Skin_Spec.uasset" 399
"S:/2021/Programacion en Motores 1 Unreal/FPS/Content/ParagonGadget/Characters/Heroes/Gadget/Textures/T_Gadget_UpperBody_N.uasset" 400
"S:/2021/Programacion en Motores 1 Unreal/FPS/Content/ParagonGadget/Characters/Heroes/Gadget/Textures/T_Gadget_UpperBody_Skin_Color.uasset" 401
"S:/2021/Programacion en Motores 1 Unreal/FPS/Content/ParagonGadget/Characters/Heroes/Gadget/Textures/T_Gadget_UpperBody_RGB.uasset" 402
"S:/2021/Programacion en Motores 1 Unreal/FPS/Content/ParagonGadget/Characters/Heroes/Gadget/Textures/T_Gadget_UpperBody_MASK_2.uasset" 403
"S:/2021/Programacion en Motores 1 Unreal/FPS/Content/ParagonGadget/Characters/Heroes/Gadget/Textures/T_Gadget_UpperBody_MASK.uasset" 404
"S:/2021/Programacion en Motores 1 Unreal/FPS/Content/ParagonGadget/Characters/Heroes/Gadget/Materials/Gadget_SubsurfaceProfile.uasset" 405
"S:/2021/Programacion en Motores 1 Unreal/FPS/Content/ParagonGadget/Characters/Global/MaterialLayers/Skin/T_Pore_Specular.uasset" 406
"S:/2021/Programacion en Motores 1 Unreal/FPS/Content/ParagonGadget/Characters/Global/MaterialLayers/Skin/T_Pore_Normals2.uasset" 407
"S:/2021/Programacion en Motores 1 Unreal/FPS/Content/ParagonGadget/Characters/Global/MaterialFunctions/MF_SkinPores.uasset" 408
"S:/2021/Programacion en Motores 1 Unreal/FPS/Content/ParagonGadget/Characters/Global/MaterialLayers/Skin/ML_Skin.uasset" 409
"S:/2021/Programacion en Motores 1 Unreal/FPS/Content/ParagonGadget/Characters/Global/MaterialLayers/Rubber/M_RubberHose_Simple.uasset" 410
"S:/2021/Programacion en Motores 1 Unreal/FPS/Content/ParagonGadget/Characters/Global/MaterialLayers/Painted/T_ML_PaintedConstructionMetal_N.uasset" 411
"S:/2021/Programacion en Motores 1 Unreal/FPS/Content/ParagonGadget/Characters/Global/MaterialLayers/Painted/T_ML_PaintedConstructionMetal.uasset" 412
"S:/2021/Programacion en Motores 1 Unreal/FPS/Content/ParagonGadget/Characters/Global/MaterialFunctions/MaterialLayerConstructors/MF_RoughnessAdjustment.uasset" 413
"S:/2021/Programacion en Motores 1 Unreal/FPS/Content/ParagonGadget/Characters/Global/MaterialFunctions/MaterialLayerConstructors/MF_BaseColorTintAndContrast.uasset" 414
"S:/2021/Programacion en Motores 1 Unreal/FPS/Content/ParagonGadget/Characters/Global/MaterialLayers/Painted/ML_PaintedConstructionMetal.uasset" 415
"S:/2021/Programacion en Motores 1 Unreal/FPS/Content/ParagonGadget/Characters/Global/MaterialLayers/Metal/T_RoughMetal01_N.uasset" 416
"S:/2021/Programacion en Motores 1 Unreal/FPS/Content/ParagonGadget/Characters/Global/MaterialLayers/Metal/T_RoughMetal01.uasset" 417
"S:/2021/Programacion en Motores 1 Unreal/FPS/Content/ParagonGadget/Characters/Global/MaterialLayers/Metal/ML_Steel.uasset" 418
"S:/2021/Programacion en Motores 1 Unreal/FPS/Content/ParagonGadget/Characters/Global/MaterialLayers/Leather/T_ML_FineLeather01_N.uasset" 419
"S:/2021/Programacion en Motores 1 Unreal/FPS/Content/ParagonGadget/Characters/Global/MaterialLayers/Leather/T_ML_FineLeather01_Brown.uasset" 420
"S:/2021/Programacion en Motores 1 Unreal/FPS/Content/ParagonGadget/Characters/Global/MaterialLayers/Leather/ML_ThinLeather01_Brown.uasset" 421
"S:/2021/Programacion en Motores 1 Unreal/FPS/Content/ParagonGadget/Characters/Global/MaterialLayers/Leather/T_Dark_Leather_N.uasset" 422
"S:/2021/Programacion en Motores 1 Unreal/FPS/Content/ParagonGadget/Characters/Global/MaterialLayers/Leather/T_Light_Leather2.uasset" 423
"S:/2021/Programacion en Motores 1 Unreal/FPS/Content/ParagonGadget/Characters/Global/MaterialLayers/Leather/ML_Light_Leather_Brown2.uasset" 424
"S:/2021/Programacion en Motores 1 Unreal/FPS/Content/ParagonGadget/Characters/Global/MaterialLayers/Fabric/T_ML_Fabric_Blue_Medium_N.uasset" 425
"S:/2021/Programacion en Motores 1 Unreal/FPS/Content/ParagonGadget/Characters/Global/MaterialLayers/Fabric/T_ML_Fabric_Basic2.uasset" 426
"../../../Engine/Content/EngineMaterials/FlatNormal.uasset" 427
"S:/2021/Programacion en Motores 1 Unreal/FPS/Content/ParagonGadget/Characters/Global/MaterialFunctions/MF_ClothShading.uasset" 428
"S:/2021/Programacion en Motores 1 Unreal/FPS/Content/ParagonGadget/Characters/Global/MaterialLayers/Fabric/ML_Fabric_Basic.uasset" 429
"S:/2021/Programacion en Motores 1 Unreal/FPS/Content/ParagonGadget/Characters/Global/Eyes/MaterialFunctions/MF_ParagonCharacterAO.uasset" 430
"../../../Engine/Content/Functions/Engine_MaterialFunctions02/Utility/BlendAngleCorrectedNormals.uasset" 431
"../../../Engine/Content/Functions/MaterialLayerFunctions/MatLayerBlend_BakedNormal.uasset" 432
"../../../Engine/Content/Functions/MaterialLayerFunctions/MatLayerBlend_TenLayerBlend.uasset" 433
"S:/2021/Programacion en Motores 1 Unreal/FPS/Content/ParagonGadget/Characters/Heroes/Gadget/Materials/M_Gadget_UpperBody.uasset" 434
"S:/2021/Programacion en Motores 1 Unreal/FPS/Content/ParagonGadget/Characters/Heroes/Gadget/Textures/T_Gadget_Machine_Base_RGB.uasset" 435
"S:/2021/Programacion en Motores 1 Unreal/FPS/Content/ParagonGadget/Characters/Heroes/Gadget/Textures/T_Gadget_Machine_Base_N.uasset" 436
"S:/2021/Programacion en Motores 1 Unreal/FPS/Content/ParagonGadget/Characters/Heroes/Gadget/Textures/T_Gadget_Machine_Base_Mask_2.uasset" 437
"S:/2021/Programacion en Motores 1 Unreal/FPS/Content/ParagonGadget/Characters/Heroes/Gadget/Textures/T_Gadget_Machine_Base_Mask.uasset" 438
"S:/2021/Programacion en Motores 1 Unreal/FPS/Content/ParagonGadget/Characters/Global/FX/Textures/Masks/T_EngineFlameMask.uasset" 439
"S:/2021/Programacion en Motores 1 Unreal/FPS/Content/ParagonGadget/Characters/Global/FX/Textures/Energy/Electricity/T_lightning_tile.uasset" 440
"S:/2021/Programacion en Motores 1 Unreal/FPS/Content/ParagonGadget/Characters/Heroes/Gadget/Materials/Functions/MF_Gadget_EmissiveWires.uasset" 441
"../../../Engine/Content/MaterialTemplates/Textures/T_Noise01.uasset" 442
"S:/2021/Programacion en Motores 1 Unreal/FPS/Content/ParagonGadget/Characters/Global/MaterialLayers/Synthetics/ML_Grime.uasset" 443
"S:/2021/Programacion en Motores 1 Unreal/FPS/Content/ParagonGadget/Characters/Global/MaterialLayers/Rubber/T_Rubber_2_N.uasset" 444
"S:/2021/Programacion en Motores 1 Unreal/FPS/Content/ParagonGadget/Characters/Global/MaterialLayers/Rubber/T_Rubber_2.uasset" 445
"S:/2021/Programacion en Motores 1 Unreal/FPS/Content/ParagonGadget/Characters/Global/MaterialLayers/Rubber/ML_DarkSoft_Rubber.uasset" 446
"S:/2021/Programacion en Motores 1 Unreal/FPS/Content/ParagonGadget/Characters/Global/MaterialFunctions/MaterialLayerConstructors/MLC_SolidValues.uasset" 447
"../../../Engine/Content/Functions/MaterialLayerFunctions/MatLayerBlend_OverrideOpacity.uasset" 448
"S:/2021/Programacion en Motores 1 Unreal/FPS/Content/ParagonGadget/Characters/Global/MaterialLayers/Metal/ML_BladeMetal.uasset" 449
"S:/2021/Programacion en Motores 1 Unreal/FPS/Content/ParagonGadget/Characters/Global/MaterialLayers/Metal/ML_Aluminum.uasset" 450
"S:/2021/Programacion en Motores 1 Unreal/FPS/Content/ParagonGadget/Characters/Heroes/Gadget/Materials/M_Gadget_MachineArmBase.uasset" 451
"S:/2021/Programacion en Motores 1 Unreal/FPS/Content/ParagonGadget/Characters/Heroes/Gadget/Textures/T_Gadget_Machine_Arm_RGB.uasset" 452
"S:/2021/Programacion en Motores 1 Unreal/FPS/Content/ParagonGadget/Characters/Heroes/Gadget/Textures/T_Gadget_Machine_Arm_N.uasset" 453
"S:/2021/Programacion en Motores 1 Unreal/FPS/Content/ParagonGadget/Characters/Heroes/Gadget/Textures/T_Gadget_Machine_Arm_Mask_2.uasset" 454
"S:/2021/Programacion en Motores 1 Unreal/FPS/Content/ParagonGadget/Characters/Heroes/Gadget/Textures/T_Gadget_Machine_Arm_Mask.uasset" 455
"S:/2021/Programacion en Motores 1 Unreal/FPS/Content/ParagonGadget/Characters/Global/MaterialLayers/Metal/ML_Chrome.uasset" 456
"S:/2021/Programacion en Motores 1 Unreal/FPS/Content/ParagonGadget/Characters/Heroes/Gadget/Materials/M_Gadget_MachineArm.uasset" 457
"S:/2021/Programacion en Motores 1 Unreal/FPS/Content/ParagonGadget/Characters/Heroes/Gadget/Textures/T_Gadget_LowerBody_Skin_Color.uasset" 458
"S:/2021/Programacion en Motores 1 Unreal/FPS/Content/ParagonGadget/Characters/Heroes/Gadget/Textures/T_Gadget_LowerBody_RGB.uasset" 459
"S:/2021/Programacion en Motores 1 Unreal/FPS/Content/ParagonGadget/Characters/Heroes/Gadget/Textures/T_Gadget_LowerBody_N.uasset" 460
"S:/2021/Programacion en Motores 1 Unreal/FPS/Content/ParagonGadget/Characters/Heroes/Gadget/Textures/T_Gadget_LowerBody_MASK_02.uasset" 461
"S:/2021/Programacion en Motores 1 Unreal/FPS/Content/ParagonGadget/Characters/Heroes/Gadget/Textures/T_Gadget_LowerBody_MASK.uasset" 462
"S:/2021/Programacion en Motores 1 Unreal/FPS/Content/ParagonGadget/Characters/Global/MaterialLayers/Fabric/T_ML_Canvas_Grey01_N.uasset" 463
"S:/2021/Programacion en Motores 1 Unreal/FPS/Content/ParagonGadget/Characters/Global/MaterialLayers/Fabric/T_ML_Canvas_Grey01.uasset" 464
"S:/2021/Programacion en Motores 1 Unreal/FPS/Content/ParagonGadget/Characters/Global/MaterialLayers/Fabric/ML_Canvas_Grey01.uasset" 465
"S:/2021/Programacion en Motores 1 Unreal/FPS/Content/ParagonGadget/Characters/Heroes/Gadget/Materials/M_Gadget_LowerBody.uasset" 466
"S:/2021/Programacion en Motores 1 Unreal/FPS/Content/ParagonGadget/Characters/Heroes/Gadget/Textures/T_Gadget_Gadgets_TINT.uasset" 467
"S:/2021/Programacion en Motores 1 Unreal/FPS/Content/ParagonGadget/Characters/Heroes/Gadget/Textures/T_Gadget_Gadgets_RGB.uasset" 468
"S:/2021/Programacion en Motores 1 Unreal/FPS/Content/ParagonGadget/Characters/Heroes/Gadget/Textures/T_Gadget_Gadgets_NORMALS.uasset" 469
"S:/2021/Programacion en Motores 1 Unreal/FPS/Content/ParagonGadget/Characters/Heroes/Gadget/Textures/T_Gadget_Gadgets_MASK_2.uasset" 470
"S:/2021/Programacion en Motores 1 Unreal/FPS/Content/ParagonGadget/Characters/Heroes/Gadget/Textures/T_Gadget_Gadgets_MASK.uasset" 471
"S:/2021/Programacion en Motores 1 Unreal/FPS/Content/ParagonGadget/Characters/Heroes/Gadget/Textures/T_Gadget_Gadgets_Decal.uasset" 472
"S:/2021/Programacion en Motores 1 Unreal/FPS/Content/ParagonGadget/Characters/Global/MaterialLayers/Synthetics/T_ML_CleanPlastic01.uasset" 473
"S:/2021/Programacion en Motores 1 Unreal/FPS/Content/ParagonGadget/Characters/Global/MaterialLayers/Synthetics/ML_Glass_ColorTint.uasset" 474
"S:/2021/Programacion en Motores 1 Unreal/FPS/Content/ParagonGadget/Characters/Global/MaterialLayers/Metal/T_Rust01_N.uasset" 475
"S:/2021/Programacion en Motores 1 Unreal/FPS/Content/ParagonGadget/Characters/Global/MaterialLayers/Metal/T_Rust01.uasset" 476
"S:/2021/Programacion en Motores 1 Unreal/FPS/Content/ParagonGadget/Characters/Global/MaterialLayers/Metal/ML_Rust01.uasset" 477
"S:/2021/Programacion en Motores 1 Unreal/FPS/Content/ParagonGadget/Characters/Global/MaterialLayers/Metal/ML_DullPanelMetal.uasset" 478
"S:/2021/Programacion en Motores 1 Unreal/FPS/Content/ParagonGadget/Characters/Global/MaterialLayers/Fabric/T_ML_Fabric_Dirty.uasset" 479
"S:/2021/Programacion en Motores 1 Unreal/FPS/Content/ParagonGadget/Characters/Global/MaterialLayers/Fabric/ML_Fabric_Dirty.uasset" 480
"S:/2021/Programacion en Motores 1 Unreal/FPS/Content/ParagonGadget/Characters/Global/MaterialLayers/MatLayerBlend_Decal.uasset" 481
"S:/2021/Programacion en Motores 1 Unreal/FPS/Content/ParagonGadget/Characters/Heroes/Gadget/Materials/M_Gadget_Gadgets.uasset" 482
"S:/2021/Programacion en Motores 1 Unreal/FPS/Content/ParagonGadget/Characters/Global/Eyes/Materials/M_TearLine.uasset" 483
"S:/2021/Programacion en Motores 1 Unreal/FPS/Content/ParagonGadget/Characters/Global/Eyes/Textures/TearDuctSubsurfaceProfile.uasset" 484
"S:/2021/Programacion en Motores 1 Unreal/FPS/Content/ParagonGadget/Characters/Global/Eyes/Textures/T_Eye_Tearduct__normals2.uasset" 485
"S:/2021/Programacion en Motores 1 Unreal/FPS/Content/ParagonGadget/Characters/Global/Eyes/Materials/M_TearDuct_2.uasset" 486
"S:/2021/Programacion en Motores 1 Unreal/FPS/Content/ParagonGadget/Characters/Global/Eyes/Textures/T_EyeOcclusion2.uasset" 487
"../../../Engine/Content/Functions/Engine_MaterialFunctions02/Utility/CameraVectorWithWPOOptions.uasset" 488
"../../../Engine/Content/Functions/Engine_MaterialFunctions01/ImageAdjustment/BlurSampleOffsets.uasset" 489
"../../../Engine/Content/Functions/Engine_MaterialFunctions01/ImageAdjustment/SceneTextureAverage.uasset" 490
"S:/2021/Programacion en Motores 1 Unreal/FPS/Content/ParagonGadget/Characters/Global/Eyes/Materials/M_Eye_Occlusion.uasset" 491
"S:/2021/Programacion en Motores 1 Unreal/FPS/Content/ParagonGadget/Characters/Global/Mouth/Textures/T_Master_Mouth_1_COLOR.uasset" 492
"S:/2021/Programacion en Motores 1 Unreal/FPS/Content/ParagonGadget/Characters/Global/Mouth/Materials/TeethSubsurfaceProfile.uasset" 493
"S:/2021/Programacion en Motores 1 Unreal/FPS/Content/ParagonGadget/Characters/Global/Mouth/Textures/T_Master_Mouth_1_RGB.uasset" 494
"S:/2021/Programacion en Motores 1 Unreal/FPS/Content/ParagonGadget/Characters/Global/Mouth/Textures/T_Master_Mouth_1_N.uasset" 495
"S:/2021/Programacion en Motores 1 Unreal/FPS/Content/ParagonGadget/Characters/Global/Mouth/Materials/M_Mouth_Master.uasset" 496
"S:/2021/Programacion en Motores 1 Unreal/FPS/Content/ParagonGadget/Characters/Global/Mouth/Textures/T_TeethAndTongue_N.uasset" 497
"S:/2021/Programacion en Motores 1 Unreal/FPS/Content/ParagonGadget/Characters/Global/Mouth/Textures/T_TeethAndTongue_D.uasset" 498
"S:/2021/Programacion en Motores 1 Unreal/FPS/Content/ParagonGadget/Characters/Global/Mouth/Materials/MI_Human_Mouth.uasset" 499
"../../../Engine/Content/EngineMeshes/Humanoid.uasset" 500
"S:/2021/Programacion en Motores 1 Unreal/FPS/Content/ParagonGadget/Characters/Heroes/Gadget/Meshes/Gadget_Skeleton.uasset" 501
"S:/2021/Programacion en Motores 1 Unreal/FPS/Content/Meshes/Gadget.uasset" 502
"S:/2021/Programacion en Motores 1 Unreal/FPS/Content/Blueprints/Health_UI.uasset" 503
"../../../Engine/Content/Animation/DefaultAnimCurveCompressionSettings.uasset" 504
"../../../Engine/Content/Animation/DefaultAnimBoneCompressionSettings.uasset" 505
"S:/2021/Programacion en Motores 1 Unreal/FPS/Content/Animations/GadgetRetarget/gadget_ThirdPersonWalk.uasset" 506
"S:/2021/Programacion en Motores 1 Unreal/FPS/Content/Animations/GadgetRetarget/gadget_ThirdPersonRun.uasset" 507
"S:/2021/Programacion en Motores 1 Unreal/FPS/Content/Animations/GadgetRetarget/gadget_ThirdPersonIdle.uasset" 508
"S:/2021/Programacion en Motores 1 Unreal/FPS/Content/Animations/GadgetRetarget/gadget_ThirdPerson_IdleRun_2D.uasset" 509
"S:/2021/Programacion en Motores 1 Unreal/FPS/Content/Animations/GadgetRetarget/gadget_ThirdPerson_Jump.uasset" 510
"S:/2021/Programacion en Motores 1 Unreal/FPS/Content/Animations/GadgetRetarget/gadget_ThirdPersonJump_Start.uasset" 511
"S:/2021/Programacion en Motores 1 Unreal/FPS/Content/Animations/GadgetRetarget/gadget_ThirdPersonJump_Loop.uasset" 512
"../../../Engine/Content/EditorBlueprintResources/StandardMacros.uasset" 513
"S:/2021/Programacion en Motores 1 Unreal/FPS/Content/Animations/GadgetRetarget/gadget_ThirdPerson_AnimBP.uasset" 514
"S:/2021/Programacion en Motores 1 Unreal/FPS/Content/Blueprints/TPS_Player_BP.uasset" 515
"S:/2021/Programacion en Motores 1 Unreal/FPS/Content/Blueprints/TPS_GameMode_BP.uasset" 516
"S:/2021/Programacion en Motores 1 Unreal/FPS/Content/Materials/BulletMaterial.uasset" 517
"S:/2021/Programacion en Motores 1 Unreal/FPS/Content/ParagonGadget/FX/Meshes/Skeleton/gadget_bot_Skeleton.uasset" 518
"S:/2021/Programacion en Motores 1 Unreal/FPS/Content/ParagonGadget/FX/Meshes/Hero_Specific/gadget_bot_Physics.uasset" 519
"S:/2021/Programacion en Motores 1 Unreal/FPS/Content/ParagonGadget/FX/Textures/Hero_Specific/T_Gadget_Gadgets_TINT.uasset" 520
"S:/2021/Programacion en Motores 1 Unreal/FPS/Content/ParagonGadget/FX/Textures/Hero_Specific/T_Gadget_Gadgets_RGB.uasset" 521
"S:/2021/Programacion en Motores 1 Unreal/FPS/Content/ParagonGadget/FX/Textures/Hero_Specific/T_Gadget_Gadgets_NORMALS.uasset" 522
"S:/2021/Programacion en Motores 1 Unreal/FPS/Content/ParagonGadget/FX/Textures/Hero_Specific/T_Gadget_Gadgets_MASK_2.uasset" 523
"S:/2021/Programacion en Motores 1 Unreal/FPS/Content/ParagonGadget/FX/Textures/Hero_Specific/T_Gadget_Gadgets_MASK.uasset" 524
"S:/2021/Programacion en Motores 1 Unreal/FPS/Content/ParagonGadget/FX/Textures/Hero_Specific/T_Gadget_Gadgets_Decal.uasset" 525
"S:/2021/Programacion en Motores 1 Unreal/FPS/Content/ParagonGadget/FX/Textures/Tile/T_TestML_Mask.uasset" 526
"S:/2021/Programacion en Motores 1 Unreal/FPS/Content/ParagonGadget/FX/Textures/Hero_Specific/T_RoughMetal01_N.uasset" 527
"S:/2021/Programacion en Motores 1 Unreal/FPS/Content/ParagonGadget/FX/Textures/Hero_Specific/T_RoughMetal01.uasset" 528
"S:/2021/Programacion en Motores 1 Unreal/FPS/Content/ParagonGadget/FX/Materials/Hero_Specific/ML_Steel.uasset" 529
"S:/2021/Programacion en Motores 1 Unreal/FPS/Content/ParagonGadget/FX/Textures/Hero_Specific/T_Rust01_N.uasset" 530
"S:/2021/Programacion en Motores 1 Unreal/FPS/Content/ParagonGadget/FX/Textures/Hero_Specific/T_Rust01.uasset" 531
"S:/2021/Programacion en Motores 1 Unreal/FPS/Content/ParagonGadget/FX/Materials/Hero_Specific/ML_Rust01.uasset" 532
"S:/2021/Programacion en Motores 1 Unreal/FPS/Content/ParagonGadget/FX/Textures/Hero_Specific/T_ML_PaintedConstructionMetal_N.uasset" 533
"S:/2021/Programacion en Motores 1 Unreal/FPS/Content/ParagonGadget/FX/Textures/Hero_Specific/T_ML_PaintedConstructionMetal.uasset" 534
"S:/2021/Programacion en Motores 1 Unreal/FPS/Content/ParagonGadget/FX/Materials/Functions/MF_RoughnessAdjustment.uasset" 535
"S:/2021/Programacion en Motores 1 Unreal/FPS/Content/ParagonGadget/FX/Materials/Functions/MF_BaseColorTintAndContrast.uasset" 536
"S:/2021/Programacion en Motores 1 Unreal/FPS/Content/ParagonGadget/FX/Materials/Hero_Specific/ML_PaintedConstructionMetal.uasset" 537
"S:/2021/Programacion en Motores 1 Unreal/FPS/Content/ParagonGadget/FX/Textures/Hero_Specific/T_ML_CleanPlastic01.uasset" 538
"S:/2021/Programacion en Motores 1 Unreal/FPS/Content/ParagonGadget/FX/Materials/Hero_Specific/MLC_SolidValues.uasset" 539
"S:/2021/Programacion en Motores 1 Unreal/FPS/Content/ParagonGadget/FX/Materials/Hero_Specific/ML__Blank.uasset" 540
"S:/2021/Programacion en Motores 1 Unreal/FPS/Content/ParagonGadget/FX/Materials/Hero_Specific/ML_Glass_ColorTint.uasset" 541
"S:/2021/Programacion en Motores 1 Unreal/FPS/Content/ParagonGadget/FX/Textures/Hero_Specific/T_ML_Fabric_Blue_Medium_N.uasset" 542
"S:/2021/Programacion en Motores 1 Unreal/FPS/Content/ParagonGadget/FX/Textures/Hero_Specific/T_ML_Fabric_Dirty.uasset" 543
"S:/2021/Programacion en Motores 1 Unreal/FPS/Content/ParagonGadget/FX/Materials/Functions/MF_ClothShading.uasset" 544
"S:/2021/Programacion en Motores 1 Unreal/FPS/Content/ParagonGadget/FX/Materials/Hero_Specific/ML_Fabric_Dirty.uasset" 545
"S:/2021/Programacion en Motores 1 Unreal/FPS/Content/ParagonGadget/FX/Materials/Hero_Specific/ML_DullPanelMetal.uasset" 546
"S:/2021/Programacion en Motores 1 Unreal/FPS/Content/ParagonGadget/FX/Textures/Hero_Specific/T_Rubber_2_N.uasset" 547
"S:/2021/Programacion en Motores 1 Unreal/FPS/Content/ParagonGadget/FX/Textures/Hero_Specific/T_Rubber_2.uasset" 548
"S:/2021/Programacion en Motores 1 Unreal/FPS/Content/ParagonGadget/FX/Textures/Hero_Specific/T_Blank_N.uasset" 549
"S:/2021/Programacion en Motores 1 Unreal/FPS/Content/ParagonGadget/FX/Materials/Hero_Specific/MLC_Standard.uasset" 550
"S:/2021/Programacion en Motores 1 Unreal/FPS/Content/ParagonGadget/FX/Materials/Hero_Specific/MLC_ScratchAndGrime.uasset" 551
"S:/2021/Programacion en Motores 1 Unreal/FPS/Content/ParagonGadget/FX/Materials/Hero_Specific/ML_DarkSoft_Rubber.uasset" 552
"S:/2021/Programacion en Motores 1 Unreal/FPS/Content/ParagonGadget/FX/Textures/Hero_Specific/T_Blue_Metal02.uasset" 553
"S:/2021/Programacion en Motores 1 Unreal/FPS/Content/ParagonGadget/FX/Materials/Hero_Specific/ML_BladeMetal.uasset" 554
"S:/2021/Programacion en Motores 1 Unreal/FPS/Content/ParagonGadget/FX/Materials/Hero_Specific/ML_Aluminum.uasset" 555
"S:/2021/Programacion en Motores 1 Unreal/FPS/Content/ParagonGadget/FX/Materials/Hero_Specific/MatLayerBlend_Decal.uasset" 556
"S:/2021/Programacion en Motores 1 Unreal/FPS/Content/ParagonGadget/FX/Materials/Hero_Specific/ML_blue_Metal.uasset" 557
"S:/2021/Programacion en Motores 1 Unreal/FPS/Content/ParagonGadget/FX/Textures/Hero_Specific/T_Gadget_UV2_RGB.uasset" 558
"S:/2021/Programacion en Motores 1 Unreal/FPS/Content/ParagonGadget/FX/Materials/Functions/MF_OrionCharacterAO.uasset" 559
"S:/2021/Programacion en Motores 1 Unreal/FPS/Content/ParagonGadget/FX/Materials/Param_Collections/GlobalGameplayCollection.uasset" 560
"S:/2021/Programacion en Motores 1 Unreal/FPS/Content/ParagonGadget/FX/Textures/Tile/Noise/T_AtmosphericCloudNoise01_N.uasset" 561
"S:/2021/Programacion en Motores 1 Unreal/FPS/Content/ParagonGadget/FX/Textures/Tile/Noise/T_AtmosphericCloudNoise01.uasset" 562
"S:/2021/Programacion en Motores 1 Unreal/FPS/Content/ParagonGadget/FX/Materials/Functions/MF_OrionRimlight.uasset" 563
"S:/2021/Programacion en Motores 1 Unreal/FPS/Content/ParagonGadget/FX/Materials/Functions/MF_HitFlash.uasset" 564
"S:/2021/Programacion en Motores 1 Unreal/FPS/Content/ParagonGadget/FX/Textures/Tile/Noise/T_AtmosphericCloudNoise03.uasset" 565
"S:/2021/Programacion en Motores 1 Unreal/FPS/Content/ParagonGadget/FX/Materials/Functions/MF_DeathFade.uasset" 566
"S:/2021/Programacion en Motores 1 Unreal/FPS/Content/ParagonGadget/FX/Materials/Functions/MF_BrightnessAdjust.uasset" 567
"S:/2021/Programacion en Motores 1 Unreal/FPS/Content/ParagonGadget/FX/Materials/Functions/MF_CharacterEffects.uasset" 568
"S:/2021/Programacion en Motores 1 Unreal/FPS/Content/ParagonGadget/FX/Materials/Hero_Specific/M_Gadget_Gadgets.uasset" 569
"S:/2021/Programacion en Motores 1 Unreal/FPS/Content/Meshes/drone.uasset" 570
"S:/2021/Programacion en Motores 1 Unreal/FPS/Content/StarterContent/Materials/M_Basic_Wall.uasset" 571
"S:/2021/Programacion en Motores 1 Unreal/FPS/Content/StarterContent/Shapes/Shape_Sphere.uasset" 572
"../../Plugins/2D/Paper2D/Content/PlaceholderTextures/DummySpriteTexture.uasset" 573
"../../Plugins/2D/Paper2D/Content/DummySprite.uasset" 574
"../../Plugins/2D/Paper2D/Content/DefaultPaperTerrainMaterial.uasset" 575
"../../Plugins/2D/Paper2D/Content/DefaultSpriteMaterial.uasset" 576
"../../Plugins/2D/Paper2D/Content/MaskedUnlitSpriteMaterial.uasset" 577
"../../Plugins/2D/Paper2D/Content/OpaqueUnlitSpriteMaterial.uasset" 578
"../../Plugins/FX/Niagara/Content/Enums/ENiagaraCoordinateSpace.uasset" 579
"../../Plugins/FX/Niagara/Content/Enums/ENiagaraOrientationAxis.uasset" 580
"../../Plugins/FX/Niagara/Content/Enums/ENiagaraRandomnessMode.uasset" 581
"../../Plugins/FX/Niagara/Content/Icons/S_ParticleSystem.uasset" 582
"../../../Engine/Content/BasicShapes/Cylinder.uasset" 583
"../../../Engine/Content/ArtTools/RenderToTexture/Materials/Debug/M_Emissive_Color.uasset" 584
"../../Plugins/Lumin/MagicLeapPassableWorld/Content/MagicLeapARPinInfoActor.uasset" 585
"../../Plugins/Editor/SpeedTreeImporter/Content/SpeedTree9/UnpackInteger3.uasset" 586
"../../Plugins/Editor/SpeedTreeImporter/Content/SpeedTree9/UnpackDirection.uasset" 587
"../../Plugins/Editor/SpeedTreeImporter/Content/SpeedTree9/game_wind_noise.uasset" 588
"../../../Engine/Content/Functions/Engine_MaterialFunctions02/SafeNormalize.uasset" 589
"../../Plugins/Editor/SpeedTreeImporter/Content/SpeedTree9/SpeedTreeWindMotion.uasset" 590
"../../Plugins/Editor/SpeedTreeImporter/Content/SpeedTree9/SpeedTreeBranchMotion.uasset" 591
"../../../Engine/Content/Functions/Engine_MaterialFunctions02/ObjectLocalBounds.uasset" 592
"../../../Engine/Content/Functions/Engine_MaterialFunctions02/UVs/BoundingBoxBased_0-1_UVW.uasset" 593
"../../Plugins/Editor/SpeedTreeImporter/Content/SpeedTree9/SpeedTreeWind.uasset" 594
"../../Plugins/Editor/SpeedTreeImporter/Content/SpeedTree9/SpeedTreeBillboard.uasset" 595
"../../../Engine/Content/EngineResources/DefaultTexture.uasset" 596
"../../Plugins/Editor/SpeedTreeImporter/Content/SpeedTree9/SpeedTreeBillboardMaster.uasset" 597
"../../Plugins/Editor/SpeedTreeImporter/Content/SpeedTree9/SpeedTreeCameraFacing.uasset" 598
"../../Plugins/Editor/SpeedTreeImporter/Content/SpeedTree9/SpeedTreeMaster.uasset" 599
"../../../Engine/Content/Functions/Engine_MaterialFunctions02/Utility/BreakOutFloat4Components.uasset" 600
"../../Plugins/Runtime/Oculus/OculusVR/Content/Materials/OculusMR_ChromaKey.uasset" 601
"../../Plugins/Runtime/Oculus/OculusVR/Content/Materials/OculusMR_OpaqueColoredMaterial.uasset" 602
"../../Plugins/Runtime/Oculus/OculusVR/Content/Materials/PokeAHoleMaterial.uasset" 603
"../../../Engine/Content/Maps/Entry_BuiltData.uasset" 604
"../../../Engine/Content/Maps/Entry.umap" 605
"S:/2021/Programacion en Motores 1 Unreal/FPS/Content/StarterContent/Textures/T_MacroVariation.uasset" 606
"S:/2021/Programacion en Motores 1 Unreal/FPS/Content/StarterContent/Textures/T_Wood_Oak_N.uasset" 607
"S:/2021/Programacion en Motores 1 Unreal/FPS/Content/StarterContent/Textures/T_Wood_Oak_D.uasset" 608
"S:/2021/Programacion en Motores 1 Unreal/FPS/Content/StarterContent/Materials/M_Wood_Oak.uasset" 609
"S:/2021/Programacion en Motores 1 Unreal/FPS/Content/StarterContent/Materials/M_Basic_Floor.uasset" 610
"S:/2021/Programacion en Motores 1 Unreal/FPS/Content/Levels/Prototype_BuiltData.uasset" 611
"S:/2021/Programacion en Motores 1 Unreal/FPS/Content/StarterContent/Audio/Starter_Wind06.uasset" 612
"S:/2021/Programacion en Motores 1 Unreal/FPS/Content/StarterContent/Audio/Starter_Wind05.uasset" 613
"S:/2021/Programacion en Motores 1 Unreal/FPS/Content/StarterContent/Audio/Starter_Birds01.uasset" 614
"S:/2021/Programacion en Motores 1 Unreal/FPS/Content/StarterContent/Audio/Starter_Background_Cue.uasset" 615
"S:/2021/Programacion en Motores 1 Unreal/FPS/Content/Office/Textures/SFW_Wall_01_N.uasset" 616
"S:/2021/Programacion en Motores 1 Unreal/FPS/Content/Office/Textures/SFW_Wall_01_MRE.uasset" 617
"S:/2021/Programacion en Motores 1 Unreal/FPS/Content/Office/Textures/SFW_Wall_01_C.uasset" 618
"S:/2021/Programacion en Motores 1 Unreal/FPS/Content/Office/Textures/SFW_Prop_Computer_02_E.uasset" 619
"S:/2021/Programacion en Motores 1 Unreal/FPS/Content/Office/Materials/_SimpleMaterial.uasset" 620
"S:/2021/Programacion en Motores 1 Unreal/FPS/Content/Office/Textures/SFW_Trim_01_N.uasset" 621
"S:/2021/Programacion en Motores 1 Unreal/FPS/Content/Office/Textures/SFW_Trim_01_MRE.uasset" 622
"S:/2021/Programacion en Motores 1 Unreal/FPS/Content/Office/Textures/SFW_Trim_01_C.uasset" 623
"S:/2021/Programacion en Motores 1 Unreal/FPS/Content/Office/Materials/SFW_Trim_01.uasset" 624
"S:/2021/Programacion en Motores 1 Unreal/FPS/Content/Office/Textures/SFW_Panels_01_N.uasset" 625
"S:/2021/Programacion en Motores 1 Unreal/FPS/Content/Office/Textures/SFW_Panels_01_MRE.uasset" 626
"S:/2021/Programacion en Motores 1 Unreal/FPS/Content/Office/Textures/SFW_Panels_01_E.uasset" 627
"S:/2021/Programacion en Motores 1 Unreal/FPS/Content/Office/Textures/SFW_Panels_01_C.uasset" 628
"S:/2021/Programacion en Motores 1 Unreal/FPS/Content/Office/Materials/SFW_Panels_01.uasset" 629
"S:/2021/Programacion en Motores 1 Unreal/FPS/Content/Office/Mesh/SFW_Wall_03_Addon_01.uasset" 630
"S:/2021/Programacion en Motores 1 Unreal/FPS/Content/Office/Materials/_Glass_01.uasset" 631
"S:/2021/Programacion en Motores 1 Unreal/FPS/Content/Office/Materials/SFW_Glass_01.uasset" 632
"S:/2021/Programacion en Motores 1 Unreal/FPS/Content/Office/Mesh/SFW_Glass_Wall_01.uasset" 633
"S:/2021/Programacion en Motores 1 Unreal/FPS/Content/Office/Textures/SFW_Ceiling_01_Lights_N.uasset" 634
"S:/2021/Programacion en Motores 1 Unreal/FPS/Content/Office/Textures/SFW_Ceiling_01_Lights_MRE.uasset" 635
"S:/2021/Programacion en Motores 1 Unreal/FPS/Content/Office/Textures/SFW_Ceiling_01_Lights_E.uasset" 636
"S:/2021/Programacion en Motores 1 Unreal/FPS/Content/Office/Textures/SFW_Ceiling_01_Lights_C.uasset" 637
"S:/2021/Programacion en Motores 1 Unreal/FPS/Content/Office/Materials/SFW_Ceiling_01_Lights.uasset" 638
"S:/2021/Programacion en Motores 1 Unreal/FPS/Content/Office/Mesh/SFW_Ceiling_01_Lights.uasset" 639
"S:/2021/Programacion en Motores 1 Unreal/FPS/Content/Office/Textures/SFW_Ceiling_01_N.uasset" 640
"S:/2021/Programacion en Motores 1 Unreal/FPS/Content/Office/Textures/SFW_Ceiling_01_MRE.uasset" 641
"S:/2021/Programacion en Motores 1 Unreal/FPS/Content/Office/Textures/SFW_Ceiling_01_C.uasset" 642
"S:/2021/Programacion en Motores 1 Unreal/FPS/Content/Office/Materials/SFW_Ceiling_01.uasset" 643
"S:/2021/Programacion en Motores 1 Unreal/FPS/Content/Office/Mesh/SFW_Ceiling_01.uasset" 644
"S:/2021/Programacion en Motores 1 Unreal/FPS/Content/Office/Textures/SFW_Elevator_01_N.uasset" 645
"S:/2021/Programacion en Motores 1 Unreal/FPS/Content/Office/Textures/SFW_Elevator_01_MRE.uasset" 646
"S:/2021/Programacion en Motores 1 Unreal/FPS/Content/Office/Textures/SFW_Elevator_01_E.uasset" 647
"S:/2021/Programacion en Motores 1 Unreal/FPS/Content/Office/Textures/SFW_Elevator_01_C.uasset" 648
"S:/2021/Programacion en Motores 1 Unreal/FPS/Content/Office/Materials/SFW_Elevator_01.uasset" 649
"S:/2021/Programacion en Motores 1 Unreal/FPS/Content/Office/Mesh/Props/SFW_Sign_Elevator.uasset" 650
"S:/2021/Programacion en Motores 1 Unreal/FPS/Content/Office/Textures/SFW_Floor_03_N.uasset" 651
"S:/2021/Programacion en Motores 1 Unreal/FPS/Content/Office/Textures/SFW_Floor_03_MRE.uasset" 652
"S:/2021/Programacion en Motores 1 Unreal/FPS/Content/Office/Textures/SFW_Floor_03_C.uasset" 653
"S:/2021/Programacion en Motores 1 Unreal/FPS/Content/Office/Materials/SFW_Floor_03.uasset" 654
"S:/2021/Programacion en Motores 1 Unreal/FPS/Content/Office/Mesh/Props/SFW_Rooftop_Table_01.uasset" 655
"S:/2021/Programacion en Motores 1 Unreal/FPS/Content/Office/Textures/SFW_Table_01_N.uasset" 656
"S:/2021/Programacion en Motores 1 Unreal/FPS/Content/Office/Textures/SFW_Table_01_MRE.uasset" 657
"S:/2021/Programacion en Motores 1 Unreal/FPS/Content/Office/Textures/SFW_Table_01_C.uasset" 658
"S:/2021/Programacion en Motores 1 Unreal/FPS/Content/Office/Materials/SFW_Table_01.uasset" 659
"S:/2021/Programacion en Motores 1 Unreal/FPS/Content/Office/Mesh/Props/SFW_Prop_Desk_01.uasset" 660
"S:/2021/Programacion en Motores 1 Unreal/FPS/Content/Office/Textures/SFW_Prop_Computer_01_N.uasset" 661
"S:/2021/Programacion en Motores 1 Unreal/FPS/Content/Office/Textures/SFW_Prop_Computer_01_MRE.uasset" 662
"S:/2021/Programacion en Motores 1 Unreal/FPS/Content/Office/Textures/SFW_Prop_Computer_01_E.uasset" 663
"S:/2021/Programacion en Motores 1 Unreal/FPS/Content/Office/Textures/SFW_Prop_Computer_01_C.uasset" 664
"S:/2021/Programacion en Motores 1 Unreal/FPS/Content/Office/Materials/SFW_Computer_01.uasset" 665
"S:/2021/Programacion en Motores 1 Unreal/FPS/Content/Office/Mesh/Props/SFW_Prop_Computer_Monitor_01.uasset" 666
"S:/2021/Programacion en Motores 1 Unreal/FPS/Content/Office/Mesh/Props/SFW_Prop_Computer_Keyboard_01.uasset" 667
"S:/2021/Programacion en Motores 1 Unreal/FPS/Content/Office/Textures/SFW_Prop_Computer_02_N.uasset" 668
"S:/2021/Programacion en Motores 1 Unreal/FPS/Content/Office/Textures/SFW_Prop_Computer_02_MRE.uasset" 669
"S:/2021/Programacion en Motores 1 Unreal/FPS/Content/Office/Textures/SFW_Prop_Computer_02_C.uasset" 670
"S:/2021/Programacion en Motores 1 Unreal/FPS/Content/Office/Materials/SFW_Computer_02.uasset" 671
"S:/2021/Programacion en Motores 1 Unreal/FPS/Content/Office/Mesh/Props/SFW_Prop_Computer_Case_01.uasset" 672
"S:/2021/Programacion en Motores 1 Unreal/FPS/Content/Office/Textures/SFW_Leather_01_N.uasset" 673
"S:/2021/Programacion en Motores 1 Unreal/FPS/Content/Office/Textures/SFW_Leather_01_MRE.uasset" 674
"S:/2021/Programacion en Motores 1 Unreal/FPS/Content/Office/Textures/SFW_Leather_01_C.uasset" 675
"S:/2021/Programacion en Motores 1 Unreal/FPS/Content/Office/Materials/SFW_Chair_01.uasset" 676
"S:/2021/Programacion en Motores 1 Unreal/FPS/Content/Office/Mesh/Props/SFW_Chair_Office_01.uasset" 677
"S:/2021/Programacion en Motores 1 Unreal/FPS/Content/Office/Textures/SFW_Backdrop_Wall_01_N.uasset" 678
"S:/2021/Programacion en Motores 1 Unreal/FPS/Content/Office/Textures/SFW_Backdrop_Wall_01_MRE.uasset" 679
"S:/2021/Programacion en Motores 1 Unreal/FPS/Content/Office/Textures/SFW_Backdrop_Wall_01_C.uasset" 680
"S:/2021/Programacion en Motores 1 Unreal/FPS/Content/Office/Materials/SFW_Backdrop_01_Wall.uasset" 681
"S:/2021/Programacion en Motores 1 Unreal/FPS/Content/Office/Textures/SFW_Backdrop_Windows_Back_01_C1.uasset" 682
"S:/2021/Programacion en Motores 1 Unreal/FPS/Content/Office/Textures/SFW_Backdrop_Windows_01_N.uasset" 683
"S:/2021/Programacion en Motores 1 Unreal/FPS/Content/Office/Textures/SFW_Backdrop_Windows_01_MRE.uasset" 684
"S:/2021/Programacion en Motores 1 Unreal/FPS/Content/Office/Textures/SFW_Backdrop_Windows_01_C.uasset" 685
"S:/2021/Programacion en Motores 1 Unreal/FPS/Content/Office/Materials/_BackdropWindows.uasset" 686
"S:/2021/Programacion en Motores 1 Unreal/FPS/Content/Office/Textures/SFW_Backdrop_Windows_Back_01_C2.uasset" 687
"S:/2021/Programacion en Motores 1 Unreal/FPS/Content/Office/Textures/SFW_Backdrop_Windows_02_N.uasset" 688
"S:/2021/Programacion en Motores 1 Unreal/FPS/Content/Office/Textures/SFW_Backdrop_Windows_02_MRE.uasset" 689
"S:/2021/Programacion en Motores 1 Unreal/FPS/Content/Office/Textures/SFW_Backdrop_Windows_02_C.uasset" 690
"S:/2021/Programacion en Motores 1 Unreal/FPS/Content/Office/Materials/SFW_Backdrop_Windows_02.uasset" 691
"S:/2021/Programacion en Motores 1 Unreal/FPS/Content/Office/Mesh/Backdrop/SFW_Backdrop_Building_05.uasset" 692
"S:/2021/Programacion en Motores 1 Unreal/FPS/Content/Office/Textures/SFW_Backdrop_Windows_03_N.uasset" 693
"S:/2021/Programacion en Motores 1 Unreal/FPS/Content/Office/Textures/SFW_Backdrop_Windows_03_MRE.uasset" 694
"S:/2021/Programacion en Motores 1 Unreal/FPS/Content/Office/Textures/SFW_Backdrop_Windows_03_C.uasset" 695
"S:/2021/Programacion en Motores 1 Unreal/FPS/Content/Office/Materials/SFW_Backdrop_Windows_03.uasset" 696
"S:/2021/Programacion en Motores 1 Unreal/FPS/Content/Office/Mesh/Backdrop/SFW_Backdrop_Building_04.uasset" 697
"S:/2021/Programacion en Motores 1 Unreal/FPS/Content/Office/Materials/SFW_Backdrop_Windows_01.uasset" 698
"S:/2021/Programacion en Motores 1 Unreal/FPS/Content/Office/Mesh/Backdrop/SFW_Backdrop_Building_02.uasset" 699
"../../../Engine/Content/BasicShapes/Cube.uasset" 700
"S:/2021/Programacion en Motores 1 Unreal/FPS/Content/Blueprints/Waypoint_BP.uasset" 701
"S:/2021/Programacion en Motores 1 Unreal/FPS/Content/ParagonPhase/Characters/Heroes/Phase/Textures/T_ROOT_Phase_hair_01.uasset" 702
"S:/2021/Programacion en Motores 1 Unreal/FPS/Content/ParagonPhase/Characters/Heroes/Phase/Textures/T_ID_Phase_hair_01.uasset" 703
"S:/2021/Programacion en Motores 1 Unreal/FPS/Content/ParagonPhase/Characters/Heroes/Phase/Textures/T_A_Phase_hair_01.uasset" 704
"S:/2021/Programacion en Motores 1 Unreal/FPS/Content/ParagonPhase/Characters/Global/Hair/Textures/T_PhaseHair_Flow.uasset" 705
"S:/2021/Programacion en Motores 1 Unreal/FPS/Content/ParagonPhase/Characters/Global/Hair/SharedHairContent/FemaleHair_Straight_Venus/T_Diffuse.uasset" 706
"S:/2021/Programacion en Motores 1 Unreal/FPS/Content/ParagonPhase/Characters/Global/Hair/SharedHairContent/FemaleHair_Straight_Venus/T_Depth.uasset" 707
"S:/2021/Programacion en Motores 1 Unreal/FPS/Content/ParagonPhase/Characters/Global/Hair/SharedHairContent/Dye_MaskGradients/T_Gradient.uasset" 708
"S:/2021/Programacion en Motores 1 Unreal/FPS/Content/ParagonPhase/Characters/Global/Hair/TestContent/T_HairClump02_Roots.uasset" 709
"S:/2021/Programacion en Motores 1 Unreal/FPS/Content/ParagonPhase/Characters/Global/Hair/TestContent/T_HairClump02_ID.uasset" 710
"S:/2021/Programacion en Motores 1 Unreal/FPS/Content/ParagonPhase/Characters/Global/Hair/TestContent/T_HairClump02_DyeMask.uasset" 711
"S:/2021/Programacion en Motores 1 Unreal/FPS/Content/ParagonPhase/Characters/Global/Hair/TestContent/T_HairClump02_Depth.uasset" 712
"S:/2021/Programacion en Motores 1 Unreal/FPS/Content/ParagonPhase/Characters/Global/Hair/TestContent/T_HairClump02_Alpha.uasset" 713
"S:/2021/Programacion en Motores 1 Unreal/FPS/Content/ParagonPhase/Characters/Global/MaterialFunctions/ParagonCharacterHairWind.uasset" 714
"S:/2021/Programacion en Motores 1 Unreal/FPS/Content/ParagonPhase/Characters/Global/Hair/Materials/MF_BlendHairColorsWithParam.uasset" 715
"S:/2021/Programacion en Motores 1 Unreal/FPS/Content/ParagonPhase/Characters/Global/Hair/T_Fire_Tiled_D.uasset" 716
"S:/2021/Programacion en Motores 1 Unreal/FPS/Content/ParagonPhase/Characters/Global/FX/Textures/Water/T_Caustics_2.uasset" 717
"S:/2021/Programacion en Motores 1 Unreal/FPS/Content/ParagonPhase/Characters/Global/FX/Textures/Gradients/Masks/T_gradient_stasis.uasset" 718
"S:/2021/Programacion en Motores 1 Unreal/FPS/Content/ParagonPhase/Characters/Global/MaterialLayers/T_TestML_Mask.uasset" 719
"S:/2021/Programacion en Motores 1 Unreal/FPS/Content/ParagonPhase/Characters/Global/MaterialLayers/Rubber/T_Blank_N.uasset" 720
"S:/2021/Programacion en Motores 1 Unreal/FPS/Content/ParagonPhase/Characters/Global/MaterialLayers/Metal/T_Blue_Metal02.uasset" 721
"S:/2021/Programacion en Motores 1 Unreal/FPS/Content/ParagonPhase/Characters/Global/MaterialFunctions/Textures/T_AtmosphericCloudNoise03.uasset" 722
"S:/2021/Programacion en Motores 1 Unreal/FPS/Content/ParagonPhase/Characters/Global/MaterialFunctions/Textures/T_AtmosphericCloudNoise01_N.uasset" 723
"S:/2021/Programacion en Motores 1 Unreal/FPS/Content/ParagonPhase/Characters/Global/MaterialFunctions/Textures/T_AtmosphericCloudNoise01.uasset" 724
"S:/2021/Programacion en Motores 1 Unreal/FPS/Content/ParagonPhase/Characters/Global/ParameterCollections/OrionGlobalGameplayCollection.uasset" 725
"S:/2021/Programacion en Motores 1 Unreal/FPS/Content/ParagonPhase/Characters/Global/MaterialLayers/ML__Blank.uasset" 726
"S:/2021/Programacion en Motores 1 Unreal/FPS/Content/ParagonPhase/Characters/Global/MaterialFunctions/MaterialLayerConstructors/MLC_Standard.uasset" 727
"S:/2021/Programacion en Motores 1 Unreal/FPS/Content/ParagonPhase/Characters/Global/MaterialFunctions/MaterialLayerConstructors/MLC_ScratchAndGrime.uasset" 728
"S:/2021/Programacion en Motores 1 Unreal/FPS/Content/ParagonPhase/Characters/Global/MaterialLayers/Metal/ML_blue_Metal.uasset" 729
"S:/2021/Programacion en Motores 1 Unreal/FPS/Content/ParagonPhase/Characters/Global/MaterialFunctions/MF_OrionRimlight.uasset" 730
"S:/2021/Programacion en Motores 1 Unreal/FPS/Content/ParagonPhase/Characters/Global/MaterialFunctions/MF_HitFlash.uasset" 731
"S:/2021/Programacion en Motores 1 Unreal/FPS/Content/ParagonPhase/Characters/Global/MaterialFunctions/MF_DeathFade.uasset" 732
"S:/2021/Programacion en Motores 1 Unreal/FPS/Content/ParagonPhase/Characters/Global/MaterialFunctions/MF_BrightnessAdjust.uasset" 733
"S:/2021/Programacion en Motores 1 Unreal/FPS/Content/ParagonPhase/Characters/Global/MaterialFunctions/MF_CharacterEffects.uasset" 734
"S:/2021/Programacion en Motores 1 Unreal/FPS/Content/ParagonPhase/Characters/Global/T_Black_Linear.uasset" 735
"S:/2021/Programacion en Motores 1 Unreal/FPS/Content/ParagonPhase/Characters/Global/Hair/Materials/M_HairSheet_Master2.uasset" 736
"S:/2021/Programacion en Motores 1 Unreal/FPS/Content/ParagonPhase/Characters/Heroes/Phase/Skins/Tier_1_5/Pandapack/Materials/M_Phase_Pandapack_hair_short.uasset" 737
"S:/2021/Programacion en Motores 1 Unreal/FPS/Content/ParagonPhase/Characters/Global/Hair/SharedHairContent/FemaleHair_Straight_Venus/T_Roots.uasset" 738
"S:/2021/Programacion en Motores 1 Unreal/FPS/Content/ParagonPhase/Characters/Global/Hair/SharedHairContent/FemaleHair_Straight_Venus/T_ID.uasset" 739
"S:/2021/Programacion en Motores 1 Unreal/FPS/Content/ParagonPhase/Characters/Global/Hair/SharedHairContent/FemaleHair_Straight_Venus/T_Alfa.uasset" 740
"S:/2021/Programacion en Motores 1 Unreal/FPS/Content/ParagonPhase/Characters/Global/FX/Textures/Tile/Noise/T_Soft_Noise.uasset" 741
"S:/2021/Programacion en Motores 1 Unreal/FPS/Content/ParagonPhase/Characters/Global/FX/Textures/Energy/Plasma/T_Plasma_Aurora_Seamless.uasset" 742
"S:/2021/Programacion en Motores 1 Unreal/FPS/Content/ParagonPhase/Characters/Heroes/Phase/Skins/Tier_1_5/Pandapack/Materials/M_Phase_Pandapack_hair.uasset" 743
"S:/2021/Programacion en Motores 1 Unreal/FPS/Content/ParagonPhase/Characters/Global/Eyes/Textures/T_EyeIrisBaseColor_Example_3.uasset" 744
"S:/2021/Programacion en Motores 1 Unreal/FPS/Content/ParagonPhase/Characters/Global/FX/Textures/Flares/T_Phase_Corona_D.uasset" 745
"S:/2021/Programacion en Motores 1 Unreal/FPS/Content/ParagonPhase/Characters/Global/Eyes/Textures/T_Swirly_Noise.uasset" 746
"S:/2021/Programacion en Motores 1 Unreal/FPS/Content/ParagonPhase/Characters/Global/Eyes/Textures/T_Sphere_EYE_NORMALS.uasset" 747
"S:/2021/Programacion en Motores 1 Unreal/FPS/Content/ParagonPhase/Characters/Global/Eyes/Textures/T_EyeScleraBaseColor_Example_2.uasset" 748
"S:/2021/Programacion en Motores 1 Unreal/FPS/Content/ParagonPhase/Characters/Global/Eyes/Textures/T_EyeIrisBaseColor_Example_2.uasset" 749
"S:/2021/Programacion en Motores 1 Unreal/FPS/Content/ParagonPhase/Characters/Global/Eyes/Textures/T_Eye_Wet_Normal.uasset" 750
"S:/2021/Programacion en Motores 1 Unreal/FPS/Content/ParagonPhase/Characters/Global/Eyes/Textures/T_EYE_NORMALS.uasset" 751
"S:/2021/Programacion en Motores 1 Unreal/FPS/Content/ParagonPhase/Characters/Global/Eyes/Textures/T_DecalMask_Radial03.uasset" 752
"S:/2021/Programacion en Motores 1 Unreal/FPS/Content/ParagonPhase/Characters/Global/Eyes/Textures/EpicQuadPanorama_CC.uasset" 753
"S:/2021/Programacion en Motores 1 Unreal/FPS/Content/ParagonPhase/Characters/Global/Eyes/Textures/EyeInner_Profile.uasset" 754
"S:/2021/Programacion en Motores 1 Unreal/FPS/Content/ParagonPhase/Characters/Global/MaterialLayers/ML_TacticiaULTEye.uasset" 755
"S:/2021/Programacion en Motores 1 Unreal/FPS/Content/ParagonPhase/Characters/Global/Eyes/Textures/T_EyeMidPlaneDisplacement_Example.uasset" 756
"S:/2021/Programacion en Motores 1 Unreal/FPS/Content/ParagonPhase/Characters/Global/Eyes/MaterialFunctions/ML_EyeRefraction.uasset" 757
"S:/2021/Programacion en Motores 1 Unreal/FPS/Content/ParagonPhase/Characters/Global/Eyes/Materials/M_EyeRefractive.uasset" 758
"S:/2021/Programacion en Motores 1 Unreal/FPS/Content/ParagonPhase/Characters/Heroes/Phase/Skins/Tier_1_5/Pandapack/Materials/M_Phase_Pandapack_Eye.uasset" 759
"S:/2021/Programacion en Motores 1 Unreal/FPS/Content/ParagonPhase/Characters/Heroes/Phase/Skins/Tier_1_5/Pandapack/Textures/T_Phase_Pandapack_body_head_2_Skin_Mask02.uasset" 760
"S:/2021/Programacion en Motores 1 Unreal/FPS/Content/ParagonPhase/Characters/Heroes/Phase/Textures/T_Phase_Body_Head_N.uasset" 761
"S:/2021/Programacion en Motores 1 Unreal/FPS/Content/ParagonPhase/Characters/Heroes/Phase/Textures/T_Phase_body_head_2_Skin_Mask.uasset" 762
"S:/2021/Programacion en Motores 1 Unreal/FPS/Content/ParagonPhase/Characters/Heroes/Phase/Textures/T_Phase_body_head_2_DIFF.uasset" 763
"S:/2021/Programacion en Motores 1 Unreal/FPS/Content/ParagonPhase/Characters/Heroes/Phase/Materials/Layers/ML_Phase_NailPolish.uasset" 764
"S:/2021/Programacion en Motores 1 Unreal/FPS/Content/ParagonPhase/Characters/Global/MaterialLayers/Leather/T_Dark_Leather_N.uasset" 765
"S:/2021/Programacion en Motores 1 Unreal/FPS/Content/ParagonPhase/Characters/Global/MaterialLayers/Leather/T_Light_Leather2.uasset" 766
"S:/2021/Programacion en Motores 1 Unreal/FPS/Content/ParagonPhase/Characters/Global/MaterialFunctions/MaterialLayerConstructors/MF_RoughnessAdjustment.uasset" 767
"S:/2021/Programacion en Motores 1 Unreal/FPS/Content/ParagonPhase/Characters/Global/MaterialFunctions/MaterialLayerConstructors/MF_BaseColorTintAndContrast.uasset" 768
"S:/2021/Programacion en Motores 1 Unreal/FPS/Content/ParagonPhase/Characters/Global/MaterialLayers/Leather/ML_Light_Leather_Brown2.uasset" 769
"S:/2021/Programacion en Motores 1 Unreal/FPS/Content/ParagonPhase/Characters/Heroes/Phase/Materials/Layers/ML_Phase_Leather.uasset" 770
"S:/2021/Programacion en Motores 1 Unreal/FPS/Content/ParagonPhase/Characters/Global/MaterialFunctions/MF_Lerp_GammaColor.uasset" 771
"S:/2021/Programacion en Motores 1 Unreal/FPS/Content/ParagonPhase/Characters/Heroes/Phase/Materials/Layers/MF_Lipstick_Basic.uasset" 772
"S:/2021/Programacion en Motores 1 Unreal/FPS/Content/ParagonPhase/Characters/Heroes/Phase/Materials/SSP_Phase_Skin.uasset" 773
"S:/2021/Programacion en Motores 1 Unreal/FPS/Content/ParagonPhase/Characters/Global/MaterialLayers/Skin/T_Pore_Specular.uasset" 774
"S:/2021/Programacion en Motores 1 Unreal/FPS/Content/ParagonPhase/Characters/Global/MaterialLayers/Skin/T_Pore_Normals2.uasset" 775
"S:/2021/Programacion en Motores 1 Unreal/FPS/Content/ParagonPhase/Characters/Global/MaterialFunctions/MF_SkinPores.uasset" 776
"S:/2021/Programacion en Motores 1 Unreal/FPS/Content/ParagonPhase/Characters/Global/MaterialLayers/Skin/ML_Skin.uasset" 777
"../../../Engine/Content/Functions/MaterialLayerFunctions/MatLayerBlend_RoughnessOverride.uasset" 778
"S:/2021/Programacion en Motores 1 Unreal/FPS/Content/ParagonPhase/Characters/Heroes/Phase/Skins/Tier_1_5/Pandapack/Materials/M_Phase_Pandapack_body_head.uasset" 779
"S:/2021/Programacion en Motores 1 Unreal/FPS/Content/ParagonPhase/Characters/Heroes/Phase/Skins/Tier_1_5/Pandapack/Textures/T_PyroPhoenix_Fabric_Pattern_D.uasset" 780
"S:/2021/Programacion en Motores 1 Unreal/FPS/Content/ParagonPhase/Characters/Heroes/Phase/Skins/Tier_1_5/Pandapack/Textures/T_Phase_Pandapack_RGB.uasset" 781
"S:/2021/Programacion en Motores 1 Unreal/FPS/Content/ParagonPhase/Characters/Heroes/Phase/Skins/Tier_1_5/Pandapack/Textures/T_Phase_Pandapack_Mask02.uasset" 782
"S:/2021/Programacion en Motores 1 Unreal/FPS/Content/ParagonPhase/Characters/Heroes/Phase/Skins/Tier_1_5/Pandapack/Textures/T_Phase_Pandapack_Mask01.uasset" 783
"S:/2021/Programacion en Motores 1 Unreal/FPS/Content/ParagonPhase/Characters/Heroes/Phase/Skins/Tier_1_5/Pandapack/Textures/T_Pandapack_Normal_Demo.uasset" 784
"S:/2021/Programacion en Motores 1 Unreal/FPS/Content/ParagonPhase/Characters/Global/MaterialLayers/Painted/T_PaintScratches.uasset" 785
"S:/2021/Programacion en Motores 1 Unreal/FPS/Content/ParagonPhase/Characters/Global/MaterialFunctions/MF_Character_MaterialLayerQuality.uasset" 786
"S:/2021/Programacion en Motores 1 Unreal/FPS/Content/ParagonPhase/Characters/Global/MaterialLayers/Painted/ML_MetallicClearCoat.uasset" 787
"S:/2021/Programacion en Motores 1 Unreal/FPS/Content/ParagonPhase/Characters/Global/MaterialLayers/Metal/T_Metal_Precious_Old_RGBA.uasset" 788
"S:/2021/Programacion en Motores 1 Unreal/FPS/Content/ParagonPhase/Characters/Global/MaterialLayers/Metal/T_Metal_Precious_Old_N.uasset" 789
"S:/2021/Programacion en Motores 1 Unreal/FPS/Content/ParagonPhase/Characters/Global/MaterialLayers/Metal/ML_Precious_Metal_Old.uasset" 790
"S:/2021/Programacion en Motores 1 Unreal/FPS/Content/ParagonPhase/Characters/Global/MaterialLayers/Fabric/T_Velvet_Thick_N.uasset" 791
"S:/2021/Programacion en Motores 1 Unreal/FPS/Content/ParagonPhase/Characters/Global/MaterialLayers/Fabric/T_Velvet_Thick_MASKS.uasset" 792
"S:/2021/Programacion en Motores 1 Unreal/FPS/Content/ParagonPhase/Characters/Global/MaterialLayers/Fabric/ML_Velvet_Thick.uasset" 793
"S:/2021/Programacion en Motores 1 Unreal/FPS/Content/ParagonPhase/Characters/Global/MaterialLayers/Fabric/T_silkroughness.uasset" 794
"S:/2021/Programacion en Motores 1 Unreal/FPS/Content/ParagonPhase/Characters/Global/MaterialLayers/Fabric/T_GoldFabric01_N.uasset" 795
"S:/2021/Programacion en Motores 1 Unreal/FPS/Content/ParagonPhase/Characters/Global/MaterialLayers/Fabric/ML_RoyalSilk.uasset" 796
"S:/2021/Programacion en Motores 1 Unreal/FPS/Content/ParagonPhase/Characters/Global/MaterialFunctions/MF_OrionCharacterAO.uasset" 797
"S:/2021/Programacion en Motores 1 Unreal/FPS/Content/ParagonPhase/Characters/Global/MaterialFunctions/MF_Fuzz_Layer.uasset" 798
"S:/2021/Programacion en Motores 1 Unreal/FPS/Content/ParagonPhase/Characters/Global/MaterialFunctions/MF_Fiber_Shadow.uasset" 799
"S:/2021/Programacion en Motores 1 Unreal/FPS/Content/ParagonPhase/Characters/Heroes/Phase/Skins/Tier_1_5/Pandapack/Materials/M_Phase_Pandapack.uasset" 800
"S:/2021/Programacion en Motores 1 Unreal/FPS/Content/ParagonPhase/Characters/Global/MaterialLayers/Metal/T_ScratchMask.uasset" 801
"S:/2021/Programacion en Motores 1 Unreal/FPS/Content/ParagonPhase/Characters/Global/MaterialLayers/Metal/T_Metal_SandCast_Med_N.uasset" 802
"S:/2021/Programacion en Motores 1 Unreal/FPS/Content/ParagonPhase/Characters/Global/MaterialLayers/Metal/T_Gray_Flat_Black.uasset" 803
"S:/2021/Programacion en Motores 1 Unreal/FPS/Content/ParagonPhase/Characters/Global/FX/Textures/Tile/Noise/T_Noise_Rough_Dark_Big.uasset" 804
"S:/2021/Programacion en Motores 1 Unreal/FPS/Content/ParagonPhase/Characters/Global/MaterialLayers/Metal/ML_Metal_SandCast.uasset" 805
"S:/2021/Programacion en Motores 1 Unreal/FPS/Content/ParagonPhase/Characters/Heroes/Phase/Skins/Tier_1_5/Pandapack/Materials/Layer/ML_Phase_Pandapack_Metal.uasset" 806
"S:/2021/Programacion en Motores 1 Unreal/FPS/Content/ParagonPhase/Characters/Global/MaterialLayers/Leather/T_ML_FineLeather01_N.uasset" 807
"S:/2021/Programacion en Motores 1 Unreal/FPS/Content/ParagonPhase/Characters/Global/MaterialLayers/Leather/T_ML_FineLeather01.uasset" 808
"S:/2021/Programacion en Motores 1 Unreal/FPS/Content/ParagonPhase/Characters/Global/MaterialLayers/Leather/ML_ThinLeather01_Colored.uasset" 809
"S:/2021/Programacion en Motores 1 Unreal/FPS/Content/ParagonPhase/Characters/Heroes/Phase/Materials/Layers/ML_Phase_Hard_Leather.uasset" 810
"S:/2021/Programacion en Motores 1 Unreal/FPS/Content/ParagonPhase/Characters/Global/MaterialLayers/Metal/T_Blank_N.uasset" 811
"S:/2021/Programacion en Motores 1 Unreal/FPS/Content/ParagonPhase/Characters/Global/MaterialLayers/Fabric/T_Kurohane_Eye_D.uasset" 812
"S:/2021/Programacion en Motores 1 Unreal/FPS/Content/ParagonPhase/Characters/Global/MaterialLayers/Synthetics/ML_Gem.uasset" 813
"S:/2021/Programacion en Motores 1 Unreal/FPS/Content/ParagonPhase/Characters/Heroes/Phase/Materials/Layers/ML_Phase_Gem.uasset" 814
"S:/2021/Programacion en Motores 1 Unreal/FPS/Content/ParagonPhase/Characters/Global/MaterialLayers/Fabric/T_ML_Fabric_Blue_Medium_N.uasset" 815
"S:/2021/Programacion en Motores 1 Unreal/FPS/Content/ParagonPhase/Characters/Global/MaterialLayers/Fabric/T_ML_Fabric_Shiny_Gray.uasset" 816
"S:/2021/Programacion en Motores 1 Unreal/FPS/Content/ParagonPhase/Characters/Global/MaterialLayers/Fabric/ML_ColorableCloth2.uasset" 817
"S:/2021/Programacion en Motores 1 Unreal/FPS/Content/ParagonPhase/Characters/Heroes/Phase/Materials/Layers/ML_Phase_Fabric.uasset" 818
"S:/2021/Programacion en Motores 1 Unreal/FPS/Content/ParagonPhase/Characters/Global/MaterialLayers/Fabric/T_FineFabric01_N.uasset" 819
"S:/2021/Programacion en Motores 1 Unreal/FPS/Content/ParagonPhase/Characters/Global/MaterialLayers/Fabric/T_FineFabric01.uasset" 820
"S:/2021/Programacion en Motores 1 Unreal/FPS/Content/ParagonPhase/Characters/Global/MaterialLayers/Fabric/ML_ColorableCloth.uasset" 821
"S:/2021/Programacion en Motores 1 Unreal/FPS/Content/ParagonPhase/Characters/Heroes/Phase/Materials/Layers/ML_Phase_Cloth.uasset" 822
"S:/2021/Programacion en Motores 1 Unreal/FPS/Content/ParagonPhase/Characters/Heroes/Phase/Textures/T_Phase_Skirt_Shoe_Jewelery_RGBAO.uasset" 823
"S:/2021/Programacion en Motores 1 Unreal/FPS/Content/ParagonPhase/Characters/Heroes/Phase/Textures/T_Phase_Skirt_Shoe_Jewelery_N.uasset" 824
"S:/2021/Programacion en Motores 1 Unreal/FPS/Content/ParagonPhase/Characters/Heroes/Phase/Textures/T_Phase_Skirt_Shoe_Jewelery_Mask03.uasset" 825
"S:/2021/Programacion en Motores 1 Unreal/FPS/Content/ParagonPhase/Characters/Heroes/Phase/Textures/T_Phase_Skirt_Shoe_Jewelery_Mask02.uasset" 826
"S:/2021/Programacion en Motores 1 Unreal/FPS/Content/ParagonPhase/Characters/Heroes/Phase/Textures/T_Phase_Skirt_Shoe_Jewelery_Mask01.uasset" 827
"S:/2021/Programacion en Motores 1 Unreal/FPS/Content/ParagonPhase/Characters/Heroes/Phase/Skins/Tier_1_5/Pandapack/Materials/M_T_Phase_Pandapack_Skirt_Shoe_Jewelery.uasset" 828
"S:/2021/Programacion en Motores 1 Unreal/FPS/Content/ParagonPhase/Characters/Heroes/Phase/Skins/Tier_1_5/Pandapack/Materials/MIC_T_Phase_Pandapack_Jewelery.uasset" 829
"S:/2021/Programacion en Motores 1 Unreal/FPS/Content/ParagonPhase/Characters/Heroes/Phase/Skins/Tier_1_5/Pandapack/Materials/MIC_T_Phase_Pandapack_Boots.uasset" 830
"S:/2021/Programacion en Motores 1 Unreal/FPS/Content/ParagonPhase/Characters/Heroes/Phase/Skins/Tier_1_5/Pandapack/Materials/Layer/ML_Phase_Pandapack_Cloth.uasset" 831
"S:/2021/Programacion en Motores 1 Unreal/FPS/Content/ParagonPhase/Characters/Heroes/Phase/Skins/Tier_1_5/Pandapack/Textures/T_Phase_Pandapack_Jacket_tights_RGBAO.uasset" 832
"S:/2021/Programacion en Motores 1 Unreal/FPS/Content/ParagonPhase/Characters/Heroes/Phase/Skins/Tier_1_5/Pandapack/Textures/T_Phase_Pandapack_Jacket_tights_N.uasset" 833
"S:/2021/Programacion en Motores 1 Unreal/FPS/Content/ParagonPhase/Characters/Heroes/Phase/Skins/Tier_1_5/Pandapack/Textures/T_Phase_Pandapack_Jacket_tights_Mask03.uasset" 834
"S:/2021/Programacion en Motores 1 Unreal/FPS/Content/ParagonPhase/Characters/Heroes/Phase/Skins/Tier_1_5/Pandapack/Textures/T_Phase_Pandapack_Jacket_tights_Mask02.uasset" 835
"S:/2021/Programacion en Motores 1 Unreal/FPS/Content/ParagonPhase/Characters/Heroes/Phase/Textures/T_Phase_Jacket_tights_Mask01.uasset" 836
"S:/2021/Programacion en Motores 1 Unreal/FPS/Content/ParagonPhase/Characters/Heroes/Phase/Materials/Layers/T_Basic_Flesh_Color_N.uasset" 837
"S:/2021/Programacion en Motores 1 Unreal/FPS/Content/ParagonPhase/Characters/Heroes/Phase/Materials/Layers/T_Basic_Flesh_Color.uasset" 838
"S:/2021/Programacion en Motores 1 Unreal/FPS/Content/ParagonPhase/Characters/Global/MaterialLayers/Painted/ML_Plain_Glossy_Plastic.uasset" 839
"S:/2021/Programacion en Motores 1 Unreal/FPS/Content/ParagonPhase/Characters/Heroes/Phase/Materials/Layers/ML_Phase_Hard_Plastic.uasset" 840
"S:/2021/Programacion en Motores 1 Unreal/FPS/Content/ParagonPhase/Characters/Heroes/Phase/Materials/Layers/ML_Basic_Fleah_Color.uasset" 841
"S:/2021/Programacion en Motores 1 Unreal/FPS/Content/ParagonPhase/Characters/Heroes/Phase/Skins/Tier_1_5/Pandapack/Materials/M_Phase_Pandapack_jacket_tights.uasset" 842
"S:/2021/Programacion en Motores 1 Unreal/FPS/Content/ParagonPhase/Characters/Heroes/Phase/Skins/Tier_1_5/Pandapack/Materials/MIC_Phase_Pandapack_jTights.uasset" 843
"S:/2021/Programacion en Motores 1 Unreal/FPS/Content/ParagonPhase/Characters/Heroes/Phase/Textures/T_Phase_Backpack_Purse_RGBAO.uasset" 844
"S:/2021/Programacion en Motores 1 Unreal/FPS/Content/ParagonPhase/Characters/Heroes/Phase/Textures/T_Phase_Backpack_Purse_N.uasset" 845
"S:/2021/Programacion en Motores 1 Unreal/FPS/Content/ParagonPhase/Characters/Heroes/Phase/Textures/T_Phase_Backpack_Purse_Mask03.uasset" 846
"S:/2021/Programacion en Motores 1 Unreal/FPS/Content/ParagonPhase/Characters/Heroes/Phase/Textures/T_Phase_Backpack_Purse_Mask02.uasset" 847
"S:/2021/Programacion en Motores 1 Unreal/FPS/Content/ParagonPhase/Characters/Heroes/Phase/Textures/T_Phase_Backpack_Purse_Mask01.uasset" 848
"S:/2021/Programacion en Motores 1 Unreal/FPS/Content/ParagonPhase/Characters/Heroes/Phase/Materials/Layers/ML_Phase_Silk.uasset" 849
"S:/2021/Programacion en Motores 1 Unreal/FPS/Content/ParagonPhase/Characters/Heroes/Phase/Materials/Layers/ML_Phase_Metal.uasset" 850
"S:/2021/Programacion en Motores 1 Unreal/FPS/Content/ParagonPhase/Characters/Heroes/Phase/Materials/Parent/M_Phase_backpack_purse.uasset" 851
"S:/2021/Programacion en Motores 1 Unreal/FPS/Content/ParagonPhase/Characters/Heroes/Phase/Skins/Tier_1_5/Pandapack/Materials/MIC_Phase_Pandapack_backpack_purse.uasset" 852
"S:/2021/Programacion en Motores 1 Unreal/FPS/Content/ParagonPhase/Characters/Heroes/Phase/Textures/T_Lace_N.uasset" 853
"S:/2021/Programacion en Motores 1 Unreal/FPS/Content/ParagonPhase/Characters/Heroes/Phase/Textures/T_Lace_Mask.uasset" 854
"S:/2021/Programacion en Motores 1 Unreal/FPS/Content/ParagonPhase/Characters/Heroes/Phase/Materials/Parent/M_Phase_lace.uasset" 855
"S:/2021/Programacion en Motores 1 Unreal/FPS/Content/ParagonPhase/Characters/Heroes/Phase/Skins/Tier_1_5/Pandapack/Materials/MIC_PhasePandaPack_lace.uasset" 856
"S:/2021/Programacion en Motores 1 Unreal/FPS/Content/ParagonPhase/Characters/Global/Eyes/Materials/M_TearLine.uasset" 857
"S:/2021/Programacion en Motores 1 Unreal/FPS/Content/ParagonPhase/Characters/Heroes/Phase/Materials/M_Phase_TearLine.uasset" 858
"S:/2021/Programacion en Motores 1 Unreal/FPS/Content/ParagonPhase/Characters/Global/Eyes/Textures/T_EyeOcclusion2.uasset" 859
"S:/2021/Programacion en Motores 1 Unreal/FPS/Content/ParagonPhase/Characters/Global/Eyes/Materials/M_Eye_Occlusion.uasset" 860
"S:/2021/Programacion en Motores 1 Unreal/FPS/Content/ParagonPhase/Characters/Heroes/Phase/Materials/M_Phase_Eye_Occlusion.uasset" 861
"S:/2021/Programacion en Motores 1 Unreal/FPS/Content/ParagonPhase/Characters/Global/Mouth/Textures/T_TeethAndTongue_N.uasset" 862
"S:/2021/Programacion en Motores 1 Unreal/FPS/Content/ParagonPhase/Characters/Global/Mouth/Textures/T_TeethAndTongue_D2.uasset" 863
"S:/2021/Programacion en Motores 1 Unreal/FPS/Content/ParagonPhase/Characters/Global/Mouth/Textures/T_Master_Mouth_1_RGB.uasset" 864
"S:/2021/Programacion en Motores 1 Unreal/FPS/Content/ParagonPhase/Characters/Global/Mouth/Textures/T_Master_Mouth_1_N.uasset" 865
"S:/2021/Programacion en Motores 1 Unreal/FPS/Content/ParagonPhase/Characters/Global/Mouth/Textures/T_Master_Mouth_1_COLOR.uasset" 866
"S:/2021/Programacion en Motores 1 Unreal/FPS/Content/ParagonPhase/Characters/Global/Mouth/Materials/TeethSubsurfaceProfile.uasset" 867
"S:/2021/Programacion en Motores 1 Unreal/FPS/Content/ParagonPhase/Characters/Global/Mouth/Materials/M_Mouth_Master.uasset" 868
"S:/2021/Programacion en Motores 1 Unreal/FPS/Content/ParagonPhase/Characters/Global/Mouth/Materials/M_Mouth_MId_color.uasset" 869
"S:/2021/Programacion en Motores 1 Unreal/FPS/Content/ParagonPhase/Characters/Global/Eyelash/T_Femme_Eyelashes_N.uasset" 870
"S:/2021/Programacion en Motores 1 Unreal/FPS/Content/ParagonPhase/Characters/Global/Eyelash/T_Femme_Eyelashes_D.uasset" 871
"S:/2021/Programacion en Motores 1 Unreal/FPS/Content/ParagonPhase/Characters/Global/Eyelash/M_EyelashMaster_N.uasset" 872
"S:/2021/Programacion en Motores 1 Unreal/FPS/Content/ParagonPhase/Characters/Heroes/Phase/Meshes/phase_Skeleton.uasset" 873
"S:/2021/Programacion en Motores 1 Unreal/FPS/Content/ParagonPhase/Characters/Heroes/Phase/Skins/Tier_1_5/Pandapack/Meshes/Phase_Pandapack_GDC.uasset" 874
"S:/2021/Programacion en Motores 1 Unreal/FPS/Content/Animations/PhaseRetarget/phase_ThirdPersonWalk.uasset" 875
"S:/2021/Programacion en Motores 1 Unreal/FPS/Content/Animations/PhaseRetarget/phase_ThirdPersonRun.uasset" 876
"S:/2021/Programacion en Motores 1 Unreal/FPS/Content/Animations/PhaseRetarget/phase_ThirdPersonIdle.uasset" 877
"S:/2021/Programacion en Motores 1 Unreal/FPS/Content/Animations/PhaseRetarget/phase_ThirdPerson_IdleRun_2D.uasset" 878
"S:/2021/Programacion en Motores 1 Unreal/FPS/Content/Animations/PhaseRetarget/phase_ThirdPerson_Jump.uasset" 879
"S:/2021/Programacion en Motores 1 Unreal/FPS/Content/Animations/PhaseRetarget/phase_ThirdPersonJump_Start.uasset" 880
"S:/2021/Programacion en Motores 1 Unreal/FPS/Content/Animations/PhaseRetarget/phase_ThirdPersonJump_Loop.uasset" 881
"S:/2021/Programacion en Motores 1 Unreal/FPS/Content/Animations/PhaseRetarget/phase_ThirdPerson_AnimBP.uasset" 882
"S:/2021/Programacion en Motores 1 Unreal/FPS/Content/Blueprints/ShooterEnemyCharacter_BP.uasset" 883
"S:/2021/Programacion en Motores 1 Unreal/FPS/Content/Meshes/Material__30.uasset" 884
"S:/2021/Programacion en Motores 1 Unreal/FPS/Content/Meshes/Heart.uasset" 885
"S:/2021/Programacion en Motores 1 Unreal/FPS/Content/Blueprints/PickableItem_BP.uasset" 886
"S:/2021/Programacion en Motores 1 Unreal/FPS/Content/ParagonPhase/Characters/Heroes/Phase/Materials/Parent/M_T_Phase_Skirt_Shoe_Jewelery.uasset" 887
"S:/2021/Programacion en Motores 1 Unreal/FPS/Content/ParagonPhase/Characters/Heroes/Phase/Materials/MIC_T_PhaseJewelery.uasset" 888
"S:/2021/Programacion en Motores 1 Unreal/FPS/Content/ParagonPhase/Characters/Heroes/Phase/Materials/MIC_Phase_lace.uasset" 889
"S:/2021/Programacion en Motores 1 Unreal/FPS/Content/ParagonPhase/Characters/Heroes/Phase/Textures/T_Phase_Jacket_tights_RGBAO.uasset" 890
"S:/2021/Programacion en Motores 1 Unreal/FPS/Content/ParagonPhase/Characters/Heroes/Phase/Textures/T_Phase_Jacket_tights_N.uasset" 891
"S:/2021/Programacion en Motores 1 Unreal/FPS/Content/ParagonPhase/Characters/Heroes/Phase/Textures/T_Phase_Jacket_tights_Mask03.uasset" 892
"S:/2021/Programacion en Motores 1 Unreal/FPS/Content/ParagonPhase/Characters/Heroes/Phase/Textures/T_Phase_Jacket_tights_Mask02.uasset" 893
"S:/2021/Programacion en Motores 1 Unreal/FPS/Content/ParagonPhase/Characters/Heroes/Phase/Materials/Parent/M_Phase_jacket_tights.uasset" 894
"S:/2021/Programacion en Motores 1 Unreal/FPS/Content/ParagonPhase/Characters/Heroes/Phase/Materials/MIC_Phase_jacket.uasset" 895
"S:/2021/Programacion en Motores 1 Unreal/FPS/Content/ParagonPhase/Characters/Heroes/Phase/Textures/T_Phase_body_head_2_Skin_Mask02.uasset" 896
"S:/2021/Programacion en Motores 1 Unreal/FPS/Content/ParagonPhase/Characters/Heroes/Phase/Materials/Parent/M_Phase_body_head.uasset" 897
"S:/2021/Programacion en Motores 1 Unreal/FPS/Content/ParagonPhase/Characters/Heroes/Phase/Materials/MIC_Phase_body_head.uasset" 898
"S:/2021/Programacion en Motores 1 Unreal/FPS/Content/ParagonPhase/Characters/Heroes/Phase/Materials/MIC_Phase_backpack_purse.uasset" 899
"S:/2021/Programacion en Motores 1 Unreal/FPS/Content/ParagonPhase/Characters/Heroes/Phase/Meshes/Phase_ShadowCyl.uasset" 900
"S:/2021/Programacion en Motores 1 Unreal/FPS/Content/ParagonPhase/Characters/Heroes/Phase/Meshes/Phase_Extents.uasset" 901
"S:/2021/Programacion en Motores 1 Unreal/FPS/Content/ParagonPhase/Characters/Heroes/Phase/Materials/M_Phase_hair_short.uasset" 902
"S:/2021/Programacion en Motores 1 Unreal/FPS/Content/ParagonPhase/Characters/Global/Eyes/Textures/T_EyeIrisBaseColor_Example_6.uasset" 903
"S:/2021/Programacion en Motores 1 Unreal/FPS/Content/ParagonPhase/Characters/Heroes/Phase/Materials/M_Phase_Eye.uasset" 904
"S:/2021/Programacion en Motores 1 Unreal/FPS/Content/ParagonPhase/Characters/Heroes/Phase/Materials/MIC_T_Phase_Skirt.uasset" 905
"S:/2021/Programacion en Motores 1 Unreal/FPS/Content/ParagonPhase/Characters/Heroes/Phase/Meshes/Phase_GDC.uasset" 906
"S:/2021/Programacion en Motores 1 Unreal/FPS/Content/Blueprints/MeleeEnemyCharacter_BP.uasset" 907
"../../../Engine/Content/EngineSky/T_Sky_Stars.uasset" 908
"../../../Engine/Content/EngineSky/T_Sky_Clouds_M.uasset" 909
"../../../Engine/Content/EngineSky/T_Sky_Blue.uasset" 910
"../../../Engine/Content/EngineSky/M_Sky_Panning_Clouds2.uasset" 911
"../../../Engine/Content/EngineSky/SM_SkySphere.uasset" 912
"../../../Engine/Content/EngineSky/C_Sky_Zenith_Color.uasset" 913
"../../../Engine/Content/EngineSky/C_Sky_Horizon_Color.uasset" 914
"../../../Engine/Content/EngineSky/C_Sky_Cloud_Color.uasset" 915
"../../../Engine/Content/EngineSky/BP_Sky_Sphere.uasset" 916
"../../../Engine/Content/BasicShapes/Plane.uasset" 917
"../../../Engine/Content/BasicShapes/BasicShapeMaterial.uasset" 918
"S:/2021/Programacion en Motores 1 Unreal/FPS/Content/Levels/Prototype.umap" 919
